<?xml version="1.0" encoding="UTF-8"?>
<coverage generated="1619403795347" clover="3.2.0">
  <project timestamp="1619403795348" name="All files">
    <metrics statements="26" coveredstatements="18" conditionals="16" coveredconditionals="13" methods="6" coveredmethods="5" elements="48" coveredelements="36" complexity="0" loc="26" ncloc="26" packages="3" files="5" classes="5"/>
    <package name="components.Overview">
      <metrics statements="10" coveredstatements="8" conditionals="12" coveredconditionals="10" methods="5" coveredmethods="4"/>
      <file name="addButton.jsx" path="/home/emmi/hr/w7/CatWalk/src/components/Overview/addButton.jsx">
        <metrics statements="1" coveredstatements="1" conditionals="0" coveredconditionals="0" methods="1" coveredmethods="1"/>
        <line num="7" count="2" type="stmt"/>
      </file>
      <file name="price.jsx" path="/home/emmi/hr/w7/CatWalk/src/components/Overview/price.jsx">
        <metrics statements="1" coveredstatements="1" conditionals="4" coveredconditionals="3" methods="1" coveredmethods="1"/>
        <line num="6" count="4" type="stmt"/>
      </file>
      <file name="productInfo.jsx" path="/home/emmi/hr/w7/CatWalk/src/components/Overview/productInfo.jsx">
        <metrics statements="8" coveredstatements="6" conditionals="8" coveredconditionals="7" methods="3" coveredmethods="2"/>
        <line num="9" count="4" type="stmt"/>
        <line num="11" count="4" type="stmt"/>
        <line num="17" count="15" type="cond" truecount="2" falsecount="0"/>
        <line num="18" count="4" type="stmt"/>
        <line num="19" count="11" type="cond" truecount="1" falsecount="1"/>
        <line num="20" count="11" type="stmt"/>
        <line num="22" count="0" type="stmt"/>
        <line num="25" count="0" type="stmt"/>
      </file>
    </package>
    <package name="helperFunctions">
      <metrics statements="15" coveredstatements="9" conditionals="4" coveredconditionals="3" methods="1" coveredmethods="1"/>
      <file name="makeAverageStars.js" path="/home/emmi/hr/w7/CatWalk/src/helperFunctions/makeAverageStars.js">
        <metrics statements="15" coveredstatements="9" conditionals="4" coveredconditionals="3" methods="1" coveredmethods="1"/>
        <line num="2" count="4" type="stmt"/>
        <line num="3" count="4" type="cond" truecount="2" falsecount="0"/>
        <line num="4" count="4" type="stmt"/>
        <line num="5" count="4" type="cond" truecount="1" falsecount="1"/>
        <line num="6" count="4" type="stmt"/>
        <line num="7" count="11" type="stmt"/>
        <line num="9" count="4" type="stmt"/>
        <line num="10" count="9" type="stmt"/>
        <line num="13" count="0" type="stmt"/>
        <line num="14" count="0" type="stmt"/>
        <line num="15" count="0" type="stmt"/>
        <line num="17" count="0" type="stmt"/>
        <line num="18" count="0" type="stmt"/>
        <line num="19" count="0" type="stmt"/>
        <line num="23" count="4" type="stmt"/>
      </file>
    </package>
    <package name="testing">
      <metrics statements="1" coveredstatements="1" conditionals="0" coveredconditionals="0" methods="0" coveredmethods="0"/>
      <file name="dummy-data.js" path="/home/emmi/hr/w7/CatWalk/src/testing/dummy-data.js">
        <metrics statements="1" coveredstatements="1" conditionals="0" coveredconditionals="0" methods="0" coveredmethods="0"/>
        <line num="1" count="1" type="stmt"/>
      </file>
    </package>
  </project>
</coverage>
