{"/Users/thecoolzone/Documents/HackReactor/front-end-capstone/CatWalk/src/components/App.jsx": {"path":"/Users/thecoolzone/Documents/HackReactor/front-end-capstone/CatWalk/src/components/App.jsx","statementMap":{"0":{"start":{"line":11,"column":30},"end":{"line":11,"column":51}},"1":{"start":{"line":14,"column":17},"end":{"line":14,"column":28}},"2":{"start":{"line":15,"column":32},"end":{"line":15,"column":44}},"3":{"start":{"line":16,"column":40},"end":{"line":16,"column":52}},"4":{"start":{"line":17,"column":40},"end":{"line":17,"column":51}},"5":{"start":{"line":19,"column":2},"end":{"line":34,"column":9}},"6":{"start":{"line":20,"column":4},"end":{"line":25,"column":5}},"7":{"start":{"line":21,"column":18},"end":{"line":21,"column":52}},"8":{"start":{"line":22,"column":6},"end":{"line":22,"column":27}},"9":{"start":{"line":24,"column":6},"end":{"line":24,"column":42}},"10":{"start":{"line":27,"column":4},"end":{"line":33,"column":5}},"11":{"start":{"line":28,"column":18},"end":{"line":28,"column":67}},"12":{"start":{"line":29,"column":6},"end":{"line":29,"column":31}},"13":{"start":{"line":30,"column":6},"end":{"line":30,"column":59}},"14":{"start":{"line":32,"column":6},"end":{"line":32,"column":30}},"15":{"start":{"line":36,"column":23},"end":{"line":45,"column":3}},"16":{"start":{"line":37,"column":17},"end":{"line":41,"column":5}},"17":{"start":{"line":43,"column":4},"end":{"line":44,"column":47}},"18":{"start":{"line":44,"column":22},"end":{"line":44,"column":45}},"19":{"start":{"line":47,"column":2},"end":{"line":58,"column":4}}},"fnMap":{"0":{"name":"App","decl":{"start":{"line":13,"column":24},"end":{"line":13,"column":27}},"loc":{"start":{"line":13,"column":30},"end":{"line":59,"column":1}},"line":13},"1":{"name":"(anonymous_1)","decl":{"start":{"line":19,"column":12},"end":{"line":19,"column":13}},"loc":{"start":{"line":19,"column":24},"end":{"line":34,"column":3}},"line":19},"2":{"name":"(anonymous_2)","decl":{"start":{"line":36,"column":23},"end":{"line":36,"column":24}},"loc":{"start":{"line":36,"column":44},"end":{"line":45,"column":3}},"line":36},"3":{"name":"(anonymous_3)","decl":{"start":{"line":44,"column":13},"end":{"line":44,"column":14}},"loc":{"start":{"line":44,"column":22},"end":{"line":44,"column":45}},"line":44}},"branchMap":{"0":{"loc":{"start":{"line":49,"column":7},"end":{"line":55,"column":7}},"type":"binary-expr","locations":[{"start":{"line":49,"column":7},"end":{"line":49,"column":14}},{"start":{"line":50,"column":8},"end":{"line":54,"column":34}}],"line":49}},"s":{"0":2,"1":0,"2":0,"3":0,"4":0,"5":0,"6":0,"7":0,"8":0,"9":0,"10":0,"11":0,"12":0,"13":0,"14":0,"15":0,"16":0,"17":0,"18":0,"19":0},"f":{"0":0,"1":0,"2":0,"3":0},"b":{"0":[0,0]},"_coverageSchema":"1a1c01bbd47fc00a2c39e90264f33305004495a9","hash":"4934e2a2120e6df5c5221fc0f5ebbbbe3b432169"}
,"/Users/thecoolzone/Documents/HackReactor/front-end-capstone/CatWalk/src/components/themeContext.jsx": {"path":"/Users/thecoolzone/Documents/HackReactor/front-end-capstone/CatWalk/src/components/themeContext.jsx","statementMap":{"0":{"start":{"line":3,"column":21},"end":{"line":3,"column":42}},"1":{"start":{"line":6,"column":28},"end":{"line":6,"column":45}},"2":{"start":{"line":9,"column":4},"end":{"line":9,"column":72}},"3":{"start":{"line":9,"column":29},"end":{"line":9,"column":69}},"4":{"start":{"line":10,"column":4},"end":{"line":12,"column":26}},"5":{"start":{"line":13,"column":4},"end":{"line":15,"column":16}},"6":{"start":{"line":18,"column":2},"end":{"line":22,"column":4}}},"fnMap":{"0":{"name":"ThemeContextProvider","decl":{"start":{"line":5,"column":9},"end":{"line":5,"column":29}},"loc":{"start":{"line":5,"column":37},"end":{"line":23,"column":1}},"line":5},"1":{"name":"toggleTheme","decl":{"start":{"line":8,"column":11},"end":{"line":8,"column":22}},"loc":{"start":{"line":8,"column":25},"end":{"line":16,"column":3}},"line":8},"2":{"name":"(anonymous_2)","decl":{"start":{"line":9,"column":13},"end":{"line":9,"column":14}},"loc":{"start":{"line":9,"column":29},"end":{"line":9,"column":69}},"line":9}},"branchMap":{"0":{"loc":{"start":{"line":9,"column":29},"end":{"line":9,"column":69}},"type":"cond-expr","locations":[{"start":{"line":9,"column":53},"end":{"line":9,"column":59}},{"start":{"line":9,"column":62},"end":{"line":9,"column":69}}],"line":9},"1":{"loc":{"start":{"line":10,"column":59},"end":{"line":12,"column":25}},"type":"cond-expr","locations":[{"start":{"line":11,"column":8},"end":{"line":11,"column":28}},{"start":{"line":12,"column":8},"end":{"line":12,"column":25}}],"line":10},"2":{"loc":{"start":{"line":13,"column":49},"end":{"line":15,"column":15}},"type":"cond-expr","locations":[{"start":{"line":14,"column":8},"end":{"line":14,"column":15}},{"start":{"line":15,"column":8},"end":{"line":15,"column":15}}],"line":13}},"s":{"0":2,"1":0,"2":0,"3":0,"4":0,"5":0,"6":0},"f":{"0":0,"1":0,"2":0},"b":{"0":[0,0],"1":[0,0],"2":[0,0]},"_coverageSchema":"1a1c01bbd47fc00a2c39e90264f33305004495a9","hash":"1232970326f6005861b9b4c24e8f48481ab1ab08"}
,"/Users/thecoolzone/Documents/HackReactor/front-end-capstone/CatWalk/src/components/Overview/addButton.jsx": {"path":"/Users/thecoolzone/Documents/HackReactor/front-end-capstone/CatWalk/src/components/Overview/addButton.jsx","statementMap":{"0":{"start":{"line":6,"column":2},"end":{"line":7,"column":156}},"1":{"start":{"line":7,"column":92},"end":{"line":7,"column":110}}},"fnMap":{"0":{"name":"AddButton","decl":{"start":{"line":5,"column":9},"end":{"line":5,"column":18}},"loc":{"start":{"line":5,"column":52},"end":{"line":8,"column":1}},"line":5},"1":{"name":"(anonymous_1)","decl":{"start":{"line":7,"column":85},"end":{"line":7,"column":86}},"loc":{"start":{"line":7,"column":92},"end":{"line":7,"column":110}},"line":7}},"branchMap":{},"s":{"0":2,"1":1},"f":{"0":2,"1":1},"b":{},"_coverageSchema":"1a1c01bbd47fc00a2c39e90264f33305004495a9","hash":"6269a2d19497994f8396d9f81f0fd82cae355e28"}
,"/Users/thecoolzone/Documents/HackReactor/front-end-capstone/CatWalk/src/components/Overview/cart.jsx": {"path":"/Users/thecoolzone/Documents/HackReactor/front-end-capstone/CatWalk/src/components/Overview/cart.jsx","statementMap":{"0":{"start":{"line":15,"column":23},"end":{"line":15,"column":49}},"1":{"start":{"line":17,"column":40},"end":{"line":17,"column":52}},"2":{"start":{"line":18,"column":38},"end":{"line":18,"column":50}},"3":{"start":{"line":19,"column":38},"end":{"line":19,"column":53}},"4":{"start":{"line":20,"column":32},"end":{"line":20,"column":46}},"5":{"start":{"line":21,"column":38},"end":{"line":21,"column":79}},"6":{"start":{"line":22,"column":34},"end":{"line":22,"column":49}},"7":{"start":{"line":24,"column":19},"end":{"line":24,"column":21}},"8":{"start":{"line":26,"column":26},"end":{"line":29,"column":3}},"9":{"start":{"line":27,"column":4},"end":{"line":27,"column":75}},"10":{"start":{"line":28,"column":4},"end":{"line":28,"column":50}},"11":{"start":{"line":31,"column":22},"end":{"line":34,"column":3}},"12":{"start":{"line":32,"column":16},"end":{"line":32,"column":70}},"13":{"start":{"line":32,"column":60},"end":{"line":32,"column":69}},"14":{"start":{"line":33,"column":4},"end":{"line":33,"column":58}},"15":{"start":{"line":33,"column":29},"end":{"line":33,"column":55}},"16":{"start":{"line":36,"column":26},"end":{"line":53,"column":3}},"17":{"start":{"line":37,"column":4},"end":{"line":51,"column":5}},"18":{"start":{"line":38,"column":6},"end":{"line":38,"column":24}},"19":{"start":{"line":40,"column":19},"end":{"line":43,"column":7}},"20":{"start":{"line":45,"column":6},"end":{"line":50,"column":7}},"21":{"start":{"line":46,"column":8},"end":{"line":46,"column":40}},"22":{"start":{"line":47,"column":8},"end":{"line":47,"column":44}},"23":{"start":{"line":49,"column":8},"end":{"line":49,"column":25}},"24":{"start":{"line":52,"column":4},"end":{"line":52,"column":44}},"25":{"start":{"line":55,"column":2},"end":{"line":63,"column":21}},"26":{"start":{"line":56,"column":4},"end":{"line":60,"column":7}},"27":{"start":{"line":57,"column":6},"end":{"line":59,"column":7}},"28":{"start":{"line":58,"column":8},"end":{"line":58,"column":106}},"29":{"start":{"line":62,"column":4},"end":{"line":62,"column":75}},"30":{"start":{"line":65,"column":27},"end":{"line":76,"column":3}},"31":{"start":{"line":66,"column":4},"end":{"line":66,"column":22}},"32":{"start":{"line":67,"column":4},"end":{"line":67,"column":23}},"33":{"start":{"line":69,"column":4},"end":{"line":69,"column":54}},"34":{"start":{"line":70,"column":4},"end":{"line":74,"column":5}},"35":{"start":{"line":71,"column":6},"end":{"line":71,"column":42}},"36":{"start":{"line":73,"column":6},"end":{"line":73,"column":37}},"37":{"start":{"line":75,"column":4},"end":{"line":75,"column":44}},"38":{"start":{"line":78,"column":2},"end":{"line":105,"column":4}}},"fnMap":{"0":{"name":"Cart","decl":{"start":{"line":14,"column":9},"end":{"line":14,"column":13}},"loc":{"start":{"line":14,"column":32},"end":{"line":106,"column":1}},"line":14},"1":{"name":"(anonymous_1)","decl":{"start":{"line":26,"column":26},"end":{"line":26,"column":27}},"loc":{"start":{"line":26,"column":33},"end":{"line":29,"column":3}},"line":26},"2":{"name":"(anonymous_2)","decl":{"start":{"line":31,"column":22},"end":{"line":31,"column":23}},"loc":{"start":{"line":31,"column":31},"end":{"line":34,"column":3}},"line":31},"3":{"name":"(anonymous_3)","decl":{"start":{"line":32,"column":44},"end":{"line":32,"column":45}},"loc":{"start":{"line":32,"column":60},"end":{"line":32,"column":69}},"line":32},"4":{"name":"(anonymous_4)","decl":{"start":{"line":33,"column":19},"end":{"line":33,"column":20}},"loc":{"start":{"line":33,"column":29},"end":{"line":33,"column":55}},"line":33},"5":{"name":"(anonymous_5)","decl":{"start":{"line":36,"column":26},"end":{"line":36,"column":27}},"loc":{"start":{"line":36,"column":39},"end":{"line":53,"column":3}},"line":36},"6":{"name":"(anonymous_6)","decl":{"start":{"line":55,"column":12},"end":{"line":55,"column":13}},"loc":{"start":{"line":55,"column":18},"end":{"line":63,"column":3}},"line":55},"7":{"name":"(anonymous_7)","decl":{"start":{"line":56,"column":43},"end":{"line":56,"column":44}},"loc":{"start":{"line":56,"column":50},"end":{"line":60,"column":5}},"line":56},"8":{"name":"(anonymous_8)","decl":{"start":{"line":65,"column":27},"end":{"line":65,"column":28}},"loc":{"start":{"line":65,"column":34},"end":{"line":76,"column":3}},"line":65}},"branchMap":{"0":{"loc":{"start":{"line":37,"column":4},"end":{"line":51,"column":5}},"type":"if","locations":[{"start":{"line":37,"column":4},"end":{"line":51,"column":5}},{"start":{"line":37,"column":4},"end":{"line":51,"column":5}}],"line":37},"1":{"loc":{"start":{"line":57,"column":6},"end":{"line":59,"column":7}},"type":"if","locations":[{"start":{"line":57,"column":6},"end":{"line":59,"column":7}},{"start":{"line":57,"column":6},"end":{"line":59,"column":7}}],"line":57},"2":{"loc":{"start":{"line":62,"column":4},"end":{"line":62,"column":74}},"type":"cond-expr","locations":[{"start":{"line":62,"column":28},"end":{"line":62,"column":47}},{"start":{"line":62,"column":50},"end":{"line":62,"column":74}}],"line":62},"3":{"loc":{"start":{"line":70,"column":4},"end":{"line":74,"column":5}},"type":"if","locations":[{"start":{"line":70,"column":4},"end":{"line":74,"column":5}},{"start":{"line":70,"column":4},"end":{"line":74,"column":5}}],"line":70},"4":{"loc":{"start":{"line":80,"column":38},"end":{"line":80,"column":80}},"type":"cond-expr","locations":[{"start":{"line":80,"column":49},"end":{"line":80,"column":71}},{"start":{"line":80,"column":74},"end":{"line":80,"column":80}}],"line":80},"5":{"loc":{"start":{"line":83,"column":11},"end":{"line":85,"column":166}},"type":"cond-expr","locations":[{"start":{"line":84,"column":14},"end":{"line":84,"column":103}},{"start":{"line":85,"column":14},"end":{"line":85,"column":166}}],"line":83},"6":{"loc":{"start":{"line":85,"column":91},"end":{"line":85,"column":134}},"type":"cond-expr","locations":[{"start":{"line":85,"column":104},"end":{"line":85,"column":118}},{"start":{"line":85,"column":121},"end":{"line":85,"column":134}}],"line":85},"7":{"loc":{"start":{"line":88,"column":11},"end":{"line":90,"column":99}},"type":"cond-expr","locations":[{"start":{"line":89,"column":14},"end":{"line":89,"column":108}},{"start":{"line":90,"column":14},"end":{"line":90,"column":99}}],"line":88}},"s":{"0":0,"1":0,"2":0,"3":0,"4":0,"5":0,"6":0,"7":0,"8":0,"9":0,"10":0,"11":0,"12":0,"13":0,"14":0,"15":0,"16":0,"17":0,"18":0,"19":0,"20":0,"21":0,"22":0,"23":0,"24":0,"25":0,"26":0,"27":0,"28":0,"29":0,"30":0,"31":0,"32":0,"33":0,"34":0,"35":0,"36":0,"37":0,"38":0},"f":{"0":0,"1":0,"2":0,"3":0,"4":0,"5":0,"6":0,"7":0,"8":0},"b":{"0":[0,0],"1":[0,0],"2":[0,0],"3":[0,0],"4":[0,0],"5":[0,0],"6":[0,0],"7":[0,0]},"_coverageSchema":"1a1c01bbd47fc00a2c39e90264f33305004495a9","hash":"80465b7cbacd59149608fad514510e79878557ec"}
,"/Users/thecoolzone/Documents/HackReactor/front-end-capstone/CatWalk/src/components/Overview/gallery.jsx": {"path":"/Users/thecoolzone/Documents/HackReactor/front-end-capstone/CatWalk/src/components/Overview/gallery.jsx","statementMap":{"0":{"start":{"line":19,"column":23},"end":{"line":19,"column":49}},"1":{"start":{"line":20,"column":40},"end":{"line":20,"column":51}},"2":{"start":{"line":21,"column":50},"end":{"line":21,"column":81}},"3":{"start":{"line":22,"column":30},"end":{"line":22,"column":45}},"4":{"start":{"line":24,"column":29},"end":{"line":33,"column":3}},"5":{"start":{"line":25,"column":15},"end":{"line":25,"column":66}},"6":{"start":{"line":27,"column":4},"end":{"line":29,"column":5}},"7":{"start":{"line":27,"column":17},"end":{"line":27,"column":18}},"8":{"start":{"line":28,"column":6},"end":{"line":28,"column":36}},"9":{"start":{"line":31,"column":4},"end":{"line":31,"column":59}},"10":{"start":{"line":32,"column":4},"end":{"line":32,"column":41}},"11":{"start":{"line":35,"column":23},"end":{"line":39,"column":3}},"12":{"start":{"line":36,"column":4},"end":{"line":36,"column":23}},"13":{"start":{"line":37,"column":4},"end":{"line":37,"column":34}},"14":{"start":{"line":38,"column":4},"end":{"line":38,"column":38}},"15":{"start":{"line":41,"column":19},"end":{"line":52,"column":3}},"16":{"start":{"line":42,"column":16},"end":{"line":42,"column":44}},"17":{"start":{"line":43,"column":4},"end":{"line":50,"column":5}},"18":{"start":{"line":44,"column":6},"end":{"line":44,"column":30}},"19":{"start":{"line":45,"column":6},"end":{"line":45,"column":16}},"20":{"start":{"line":46,"column":6},"end":{"line":46,"column":31}},"21":{"start":{"line":47,"column":6},"end":{"line":49,"column":7}},"22":{"start":{"line":48,"column":8},"end":{"line":48,"column":31}},"23":{"start":{"line":51,"column":4},"end":{"line":51,"column":43}},"24":{"start":{"line":54,"column":21},"end":{"line":66,"column":3}},"25":{"start":{"line":55,"column":14},"end":{"line":55,"column":40}},"26":{"start":{"line":56,"column":16},"end":{"line":56,"column":44}},"27":{"start":{"line":57,"column":4},"end":{"line":64,"column":5}},"28":{"start":{"line":58,"column":6},"end":{"line":58,"column":18}},"29":{"start":{"line":59,"column":6},"end":{"line":59,"column":27}},"30":{"start":{"line":60,"column":6},"end":{"line":60,"column":31}},"31":{"start":{"line":61,"column":6},"end":{"line":63,"column":7}},"32":{"start":{"line":62,"column":8},"end":{"line":62,"column":31}},"33":{"start":{"line":65,"column":4},"end":{"line":65,"column":43}},"34":{"start":{"line":68,"column":15},"end":{"line":85,"column":3}},"35":{"start":{"line":69,"column":4},"end":{"line":69,"column":23}},"36":{"start":{"line":70,"column":4},"end":{"line":84,"column":5}},"37":{"start":{"line":71,"column":20},"end":{"line":71,"column":80}},"38":{"start":{"line":72,"column":21},"end":{"line":72,"column":38}},"39":{"start":{"line":73,"column":21},"end":{"line":73,"column":38}},"40":{"start":{"line":74,"column":23},"end":{"line":74,"column":43}},"41":{"start":{"line":75,"column":23},"end":{"line":75,"column":44}},"42":{"start":{"line":76,"column":27},"end":{"line":76,"column":44}},"43":{"start":{"line":77,"column":28},"end":{"line":77,"column":46}},"44":{"start":{"line":78,"column":21},"end":{"line":78,"column":68}},"45":{"start":{"line":79,"column":21},"end":{"line":79,"column":70}},"46":{"start":{"line":80,"column":6},"end":{"line":80,"column":46}},"47":{"start":{"line":81,"column":6},"end":{"line":81,"column":43}},"48":{"start":{"line":82,"column":6},"end":{"line":82,"column":50}},"49":{"start":{"line":83,"column":6},"end":{"line":83,"column":49}},"50":{"start":{"line":87,"column":16},"end":{"line":93,"column":3}},"51":{"start":{"line":88,"column":4},"end":{"line":88,"column":23}},"52":{"start":{"line":89,"column":4},"end":{"line":92,"column":5}},"53":{"start":{"line":90,"column":6},"end":{"line":90,"column":34}},"54":{"start":{"line":91,"column":6},"end":{"line":91,"column":34}},"55":{"start":{"line":95,"column":27},"end":{"line":132,"column":3}},"56":{"start":{"line":96,"column":21},"end":{"line":96,"column":69}},"57":{"start":{"line":97,"column":21},"end":{"line":97,"column":69}},"58":{"start":{"line":98,"column":4},"end":{"line":98,"column":23}},"59":{"start":{"line":99,"column":4},"end":{"line":99,"column":23}},"60":{"start":{"line":100,"column":4},"end":{"line":130,"column":5}},"61":{"start":{"line":101,"column":21},"end":{"line":101,"column":27}},"62":{"start":{"line":102,"column":6},"end":{"line":128,"column":7}},"63":{"start":{"line":103,"column":8},"end":{"line":103,"column":43}},"64":{"start":{"line":104,"column":8},"end":{"line":104,"column":31}},"65":{"start":{"line":105,"column":8},"end":{"line":105,"column":31}},"66":{"start":{"line":106,"column":8},"end":{"line":106,"column":67}},"67":{"start":{"line":107,"column":22},"end":{"line":107,"column":82}},"68":{"start":{"line":108,"column":21},"end":{"line":108,"column":38}},"69":{"start":{"line":109,"column":21},"end":{"line":109,"column":38}},"70":{"start":{"line":110,"column":25},"end":{"line":110,"column":43}},"71":{"start":{"line":111,"column":25},"end":{"line":111,"column":44}},"72":{"start":{"line":112,"column":29},"end":{"line":112,"column":46}},"73":{"start":{"line":113,"column":30},"end":{"line":113,"column":48}},"74":{"start":{"line":114,"column":23},"end":{"line":114,"column":70}},"75":{"start":{"line":115,"column":23},"end":{"line":115,"column":72}},"76":{"start":{"line":116,"column":8},"end":{"line":116,"column":48}},"77":{"start":{"line":117,"column":8},"end":{"line":117,"column":45}},"78":{"start":{"line":118,"column":8},"end":{"line":118,"column":52}},"79":{"start":{"line":119,"column":8},"end":{"line":119,"column":51}},"80":{"start":{"line":121,"column":8},"end":{"line":121,"column":42}},"81":{"start":{"line":122,"column":8},"end":{"line":122,"column":46}},"82":{"start":{"line":123,"column":8},"end":{"line":123,"column":36}},"83":{"start":{"line":124,"column":8},"end":{"line":124,"column":36}},"84":{"start":{"line":125,"column":8},"end":{"line":125,"column":32}},"85":{"start":{"line":126,"column":8},"end":{"line":126,"column":32}},"86":{"start":{"line":127,"column":8},"end":{"line":127,"column":68}},"87":{"start":{"line":129,"column":6},"end":{"line":129,"column":25}},"88":{"start":{"line":131,"column":4},"end":{"line":131,"column":43}},"89":{"start":{"line":134,"column":20},"end":{"line":134,"column":75}},"90":{"start":{"line":136,"column":2},"end":{"line":169,"column":20}},"91":{"start":{"line":137,"column":4},"end":{"line":137,"column":36}},"92":{"start":{"line":139,"column":21},"end":{"line":139,"column":69}},"93":{"start":{"line":140,"column":21},"end":{"line":140,"column":69}},"94":{"start":{"line":141,"column":4},"end":{"line":148,"column":5}},"95":{"start":{"line":142,"column":6},"end":{"line":142,"column":29}},"96":{"start":{"line":143,"column":11},"end":{"line":148,"column":5}},"97":{"start":{"line":144,"column":6},"end":{"line":144,"column":29}},"98":{"start":{"line":146,"column":6},"end":{"line":146,"column":30}},"99":{"start":{"line":147,"column":6},"end":{"line":147,"column":30}},"100":{"start":{"line":150,"column":4},"end":{"line":152,"column":5}},"101":{"start":{"line":151,"column":6},"end":{"line":151,"column":80}},"102":{"start":{"line":154,"column":4},"end":{"line":168,"column":5}},"103":{"start":{"line":156,"column":6},"end":{"line":167,"column":7}},"104":{"start":{"line":158,"column":20},"end":{"line":158,"column":70}},"105":{"start":{"line":159,"column":8},"end":{"line":159,"column":20}},"106":{"start":{"line":160,"column":8},"end":{"line":160,"column":30}},"107":{"start":{"line":161,"column":8},"end":{"line":161,"column":33}},"108":{"start":{"line":163,"column":20},"end":{"line":163,"column":70}},"109":{"start":{"line":164,"column":8},"end":{"line":164,"column":18}},"110":{"start":{"line":165,"column":8},"end":{"line":165,"column":33}},"111":{"start":{"line":166,"column":8},"end":{"line":166,"column":33}},"112":{"start":{"line":171,"column":2},"end":{"line":222,"column":4}},"113":{"start":{"line":191,"column":32},"end":{"line":191,"column":44}},"114":{"start":{"line":205,"column":10},"end":{"line":218,"column":26}},"115":{"start":{"line":208,"column":37},"end":{"line":208,"column":45}},"116":{"start":{"line":209,"column":36},"end":{"line":209,"column":43}},"117":{"start":{"line":210,"column":34},"end":{"line":210,"column":54}}},"fnMap":{"0":{"name":"Gallery","decl":{"start":{"line":16,"column":9},"end":{"line":16,"column":16}},"loc":{"start":{"line":18,"column":3},"end":{"line":223,"column":1}},"line":18},"1":{"name":"(anonymous_1)","decl":{"start":{"line":24,"column":29},"end":{"line":24,"column":30}},"loc":{"start":{"line":24,"column":40},"end":{"line":33,"column":3}},"line":24},"2":{"name":"(anonymous_2)","decl":{"start":{"line":35,"column":23},"end":{"line":35,"column":24}},"loc":{"start":{"line":35,"column":45},"end":{"line":39,"column":3}},"line":35},"3":{"name":"(anonymous_3)","decl":{"start":{"line":41,"column":19},"end":{"line":41,"column":20}},"loc":{"start":{"line":41,"column":25},"end":{"line":52,"column":3}},"line":41},"4":{"name":"(anonymous_4)","decl":{"start":{"line":54,"column":21},"end":{"line":54,"column":22}},"loc":{"start":{"line":54,"column":27},"end":{"line":66,"column":3}},"line":54},"5":{"name":"(anonymous_5)","decl":{"start":{"line":68,"column":15},"end":{"line":68,"column":16}},"loc":{"start":{"line":68,"column":22},"end":{"line":85,"column":3}},"line":68},"6":{"name":"(anonymous_6)","decl":{"start":{"line":87,"column":16},"end":{"line":87,"column":17}},"loc":{"start":{"line":87,"column":23},"end":{"line":93,"column":3}},"line":87},"7":{"name":"(anonymous_7)","decl":{"start":{"line":95,"column":27},"end":{"line":95,"column":28}},"loc":{"start":{"line":95,"column":34},"end":{"line":132,"column":3}},"line":95},"8":{"name":"(anonymous_8)","decl":{"start":{"line":136,"column":12},"end":{"line":136,"column":13}},"loc":{"start":{"line":136,"column":18},"end":{"line":169,"column":3}},"line":136},"9":{"name":"(anonymous_9)","decl":{"start":{"line":191,"column":23},"end":{"line":191,"column":24}},"loc":{"start":{"line":191,"column":30},"end":{"line":191,"column":46}},"line":191},"10":{"name":"(anonymous_10)","decl":{"start":{"line":204,"column":33},"end":{"line":204,"column":34}},"loc":{"start":{"line":205,"column":10},"end":{"line":218,"column":26}},"line":205},"11":{"name":"(anonymous_11)","decl":{"start":{"line":208,"column":30},"end":{"line":208,"column":31}},"loc":{"start":{"line":208,"column":37},"end":{"line":208,"column":45}},"line":208},"12":{"name":"(anonymous_12)","decl":{"start":{"line":209,"column":29},"end":{"line":209,"column":30}},"loc":{"start":{"line":209,"column":36},"end":{"line":209,"column":43}},"line":209},"13":{"name":"(anonymous_13)","decl":{"start":{"line":210,"column":25},"end":{"line":210,"column":26}},"loc":{"start":{"line":210,"column":32},"end":{"line":210,"column":56}},"line":210}},"branchMap":{"0":{"loc":{"start":{"line":43,"column":4},"end":{"line":50,"column":5}},"type":"if","locations":[{"start":{"line":43,"column":4},"end":{"line":50,"column":5}},{"start":{"line":43,"column":4},"end":{"line":50,"column":5}}],"line":43},"1":{"loc":{"start":{"line":47,"column":6},"end":{"line":49,"column":7}},"type":"if","locations":[{"start":{"line":47,"column":6},"end":{"line":49,"column":7}},{"start":{"line":47,"column":6},"end":{"line":49,"column":7}}],"line":47},"2":{"loc":{"start":{"line":57,"column":4},"end":{"line":64,"column":5}},"type":"if","locations":[{"start":{"line":57,"column":4},"end":{"line":64,"column":5}},{"start":{"line":57,"column":4},"end":{"line":64,"column":5}}],"line":57},"3":{"loc":{"start":{"line":61,"column":6},"end":{"line":63,"column":7}},"type":"if","locations":[{"start":{"line":61,"column":6},"end":{"line":63,"column":7}},{"start":{"line":61,"column":6},"end":{"line":63,"column":7}}],"line":61},"4":{"loc":{"start":{"line":70,"column":4},"end":{"line":84,"column":5}},"type":"if","locations":[{"start":{"line":70,"column":4},"end":{"line":84,"column":5}},{"start":{"line":70,"column":4},"end":{"line":84,"column":5}}],"line":70},"5":{"loc":{"start":{"line":70,"column":8},"end":{"line":70,"column":29}},"type":"binary-expr","locations":[{"start":{"line":70,"column":8},"end":{"line":70,"column":19}},{"start":{"line":70,"column":23},"end":{"line":70,"column":29}}],"line":70},"6":{"loc":{"start":{"line":89,"column":4},"end":{"line":92,"column":5}},"type":"if","locations":[{"start":{"line":89,"column":4},"end":{"line":92,"column":5}},{"start":{"line":89,"column":4},"end":{"line":92,"column":5}}],"line":89},"7":{"loc":{"start":{"line":89,"column":8},"end":{"line":89,"column":29}},"type":"binary-expr","locations":[{"start":{"line":89,"column":8},"end":{"line":89,"column":19}},{"start":{"line":89,"column":23},"end":{"line":89,"column":29}}],"line":89},"8":{"loc":{"start":{"line":100,"column":4},"end":{"line":130,"column":5}},"type":"if","locations":[{"start":{"line":100,"column":4},"end":{"line":130,"column":5}},{"start":{"line":100,"column":4},"end":{"line":130,"column":5}}],"line":100},"9":{"loc":{"start":{"line":102,"column":6},"end":{"line":128,"column":7}},"type":"if","locations":[{"start":{"line":102,"column":6},"end":{"line":128,"column":7}},{"start":{"line":102,"column":6},"end":{"line":128,"column":7}}],"line":102},"10":{"loc":{"start":{"line":134,"column":20},"end":{"line":134,"column":75}},"type":"cond-expr","locations":[{"start":{"line":134,"column":34},"end":{"line":134,"column":53}},{"start":{"line":134,"column":56},"end":{"line":134,"column":75}}],"line":134},"11":{"loc":{"start":{"line":141,"column":4},"end":{"line":148,"column":5}},"type":"if","locations":[{"start":{"line":141,"column":4},"end":{"line":148,"column":5}},{"start":{"line":141,"column":4},"end":{"line":148,"column":5}}],"line":141},"12":{"loc":{"start":{"line":143,"column":11},"end":{"line":148,"column":5}},"type":"if","locations":[{"start":{"line":143,"column":11},"end":{"line":148,"column":5}},{"start":{"line":143,"column":11},"end":{"line":148,"column":5}}],"line":143},"13":{"loc":{"start":{"line":150,"column":4},"end":{"line":152,"column":5}},"type":"if","locations":[{"start":{"line":150,"column":4},"end":{"line":152,"column":5}},{"start":{"line":150,"column":4},"end":{"line":152,"column":5}}],"line":150},"14":{"loc":{"start":{"line":154,"column":4},"end":{"line":168,"column":5}},"type":"if","locations":[{"start":{"line":154,"column":4},"end":{"line":168,"column":5}},{"start":{"line":154,"column":4},"end":{"line":168,"column":5}}],"line":154},"15":{"loc":{"start":{"line":154,"column":8},"end":{"line":155,"column":52}},"type":"binary-expr","locations":[{"start":{"line":154,"column":8},"end":{"line":154,"column":52}},{"start":{"line":155,"column":9},"end":{"line":155,"column":52}}],"line":154},"16":{"loc":{"start":{"line":156,"column":6},"end":{"line":167,"column":7}},"type":"if","locations":[{"start":{"line":156,"column":6},"end":{"line":167,"column":7}},{"start":{"line":156,"column":6},"end":{"line":167,"column":7}}],"line":156},"17":{"loc":{"start":{"line":156,"column":10},"end":{"line":157,"column":44}},"type":"binary-expr","locations":[{"start":{"line":156,"column":10},"end":{"line":156,"column":69}},{"start":{"line":157,"column":11},"end":{"line":157,"column":44}}],"line":156},"18":{"loc":{"start":{"line":175,"column":9},"end":{"line":185,"column":9}},"type":"binary-expr","locations":[{"start":{"line":175,"column":9},"end":{"line":175,"column":35}},{"start":{"line":176,"column":10},"end":{"line":184,"column":12}}],"line":175},"19":{"loc":{"start":{"line":188,"column":9},"end":{"line":195,"column":16}},"type":"cond-expr","locations":[{"start":{"line":190,"column":12},"end":{"line":193,"column":14}},{"start":{"line":195,"column":12},"end":{"line":195,"column":16}}],"line":188}},"s":{"0":0,"1":0,"2":0,"3":0,"4":0,"5":0,"6":0,"7":0,"8":0,"9":0,"10":0,"11":0,"12":0,"13":0,"14":0,"15":0,"16":0,"17":0,"18":0,"19":0,"20":0,"21":0,"22":0,"23":0,"24":0,"25":0,"26":0,"27":0,"28":0,"29":0,"30":0,"31":0,"32":0,"33":0,"34":0,"35":0,"36":0,"37":0,"38":0,"39":0,"40":0,"41":0,"42":0,"43":0,"44":0,"45":0,"46":0,"47":0,"48":0,"49":0,"50":0,"51":0,"52":0,"53":0,"54":0,"55":0,"56":0,"57":0,"58":0,"59":0,"60":0,"61":0,"62":0,"63":0,"64":0,"65":0,"66":0,"67":0,"68":0,"69":0,"70":0,"71":0,"72":0,"73":0,"74":0,"75":0,"76":0,"77":0,"78":0,"79":0,"80":0,"81":0,"82":0,"83":0,"84":0,"85":0,"86":0,"87":0,"88":0,"89":0,"90":0,"91":0,"92":0,"93":0,"94":0,"95":0,"96":0,"97":0,"98":0,"99":0,"100":0,"101":0,"102":0,"103":0,"104":0,"105":0,"106":0,"107":0,"108":0,"109":0,"110":0,"111":0,"112":0,"113":0,"114":0,"115":0,"116":0,"117":0},"f":{"0":0,"1":0,"2":0,"3":0,"4":0,"5":0,"6":0,"7":0,"8":0,"9":0,"10":0,"11":0,"12":0,"13":0},"b":{"0":[0,0],"1":[0,0],"2":[0,0],"3":[0,0],"4":[0,0],"5":[0,0],"6":[0,0],"7":[0,0],"8":[0,0],"9":[0,0],"10":[0,0],"11":[0,0],"12":[0,0],"13":[0,0],"14":[0,0],"15":[0,0],"16":[0,0],"17":[0,0],"18":[0,0],"19":[0,0]},"_coverageSchema":"1a1c01bbd47fc00a2c39e90264f33305004495a9","hash":"2a2433e65e51843910a1676ecb3f81a89200eb87"}
,"/Users/thecoolzone/Documents/HackReactor/front-end-capstone/CatWalk/src/components/Overview/overview.jsx": {"path":"/Users/thecoolzone/Documents/HackReactor/front-end-capstone/CatWalk/src/components/Overview/overview.jsx","statementMap":{"0":{"start":{"line":16,"column":23},"end":{"line":16,"column":49}},"1":{"start":{"line":17,"column":30},"end":{"line":17,"column":42}},"2":{"start":{"line":18,"column":42},"end":{"line":18,"column":54}},"3":{"start":{"line":19,"column":30},"end":{"line":19,"column":42}},"4":{"start":{"line":20,"column":29},"end":{"line":20,"column":40}},"5":{"start":{"line":21,"column":33},"end":{"line":21,"column":57}},"6":{"start":{"line":23,"column":2},"end":{"line":32,"column":9}},"7":{"start":{"line":24,"column":4},"end":{"line":31,"column":5}},"8":{"start":{"line":25,"column":18},"end":{"line":25,"column":67}},"9":{"start":{"line":26,"column":6},"end":{"line":26,"column":34}},"10":{"start":{"line":27,"column":6},"end":{"line":27,"column":43}},"11":{"start":{"line":28,"column":6},"end":{"line":28,"column":56}},"12":{"start":{"line":30,"column":6},"end":{"line":30,"column":23}},"13":{"start":{"line":35,"column":4},"end":{"line":35,"column":30}},"14":{"start":{"line":36,"column":4},"end":{"line":36,"column":43}},"15":{"start":{"line":37,"column":4},"end":{"line":37,"column":47}},"16":{"start":{"line":41,"column":4},"end":{"line":41,"column":19}},"17":{"start":{"line":45,"column":4},"end":{"line":45,"column":23}},"18":{"start":{"line":46,"column":4},"end":{"line":46,"column":18}},"19":{"start":{"line":47,"column":4},"end":{"line":47,"column":64}},"20":{"start":{"line":50,"column":2},"end":{"line":100,"column":4}}},"fnMap":{"0":{"name":"Overview","decl":{"start":{"line":15,"column":24},"end":{"line":15,"column":32}},"loc":{"start":{"line":15,"column":59},"end":{"line":101,"column":1}},"line":15},"1":{"name":"(anonymous_1)","decl":{"start":{"line":23,"column":12},"end":{"line":23,"column":13}},"loc":{"start":{"line":23,"column":24},"end":{"line":32,"column":3}},"line":23},"2":{"name":"handleStyleChange","decl":{"start":{"line":34,"column":11},"end":{"line":34,"column":28}},"loc":{"start":{"line":34,"column":39},"end":{"line":38,"column":3}},"line":34},"3":{"name":"handleViewChange","decl":{"start":{"line":40,"column":11},"end":{"line":40,"column":27}},"loc":{"start":{"line":40,"column":30},"end":{"line":42,"column":3}},"line":40},"4":{"name":"collapse","decl":{"start":{"line":44,"column":11},"end":{"line":44,"column":19}},"loc":{"start":{"line":44,"column":23},"end":{"line":48,"column":3}},"line":44}},"branchMap":{"0":{"loc":{"start":{"line":54,"column":11},"end":{"line":56,"column":130}},"type":"cond-expr","locations":[{"start":{"line":55,"column":12},"end":{"line":55,"column":131}},{"start":{"line":56,"column":12},"end":{"line":56,"column":130}}],"line":54},"1":{"loc":{"start":{"line":62,"column":11},"end":{"line":70,"column":13}},"type":"binary-expr","locations":[{"start":{"line":62,"column":11},"end":{"line":62,"column":23}},{"start":{"line":64,"column":14},"end":{"line":69,"column":16}}],"line":62},"2":{"loc":{"start":{"line":72,"column":9},"end":{"line":92,"column":16}},"type":"cond-expr","locations":[{"start":{"line":74,"column":12},"end":{"line":90,"column":18}},{"start":{"line":92,"column":12},"end":{"line":92,"column":16}}],"line":72},"3":{"loc":{"start":{"line":87,"column":15},"end":{"line":88,"column":55}},"type":"binary-expr","locations":[{"start":{"line":87,"column":15},"end":{"line":87,"column":34}},{"start":{"line":88,"column":19},"end":{"line":88,"column":55}}],"line":87}},"s":{"0":0,"1":0,"2":0,"3":0,"4":0,"5":0,"6":0,"7":0,"8":0,"9":0,"10":0,"11":0,"12":0,"13":0,"14":0,"15":0,"16":0,"17":0,"18":0,"19":0,"20":0},"f":{"0":0,"1":0,"2":0,"3":0,"4":0},"b":{"0":[0,0],"1":[0,0],"2":[0,0],"3":[0,0]},"_coverageSchema":"1a1c01bbd47fc00a2c39e90264f33305004495a9","hash":"dde3eba1e7a3e2611a45ad9e726d1a7923887def"}
,"/Users/thecoolzone/Documents/HackReactor/front-end-capstone/CatWalk/src/components/Overview/price.jsx": {"path":"/Users/thecoolzone/Documents/HackReactor/front-end-capstone/CatWalk/src/components/Overview/price.jsx","statementMap":{"0":{"start":{"line":5,"column":2},"end":{"line":21,"column":4}}},"fnMap":{"0":{"name":"Price","decl":{"start":{"line":4,"column":9},"end":{"line":4,"column":14}},"loc":{"start":{"line":4,"column":33},"end":{"line":22,"column":1}},"line":4}},"branchMap":{"0":{"loc":{"start":{"line":7,"column":7},"end":{"line":8,"column":95}},"type":"binary-expr","locations":[{"start":{"line":7,"column":7},"end":{"line":7,"column":31}},{"start":{"line":8,"column":11},"end":{"line":8,"column":95}}],"line":7},"1":{"loc":{"start":{"line":9,"column":7},"end":{"line":19,"column":9}},"type":"binary-expr","locations":[{"start":{"line":9,"column":7},"end":{"line":9,"column":30}},{"start":{"line":11,"column":8},"end":{"line":18,"column":14}}],"line":9}},"s":{"0":4},"f":{"0":4},"b":{"0":[4,4],"1":[4,0]},"_coverageSchema":"1a1c01bbd47fc00a2c39e90264f33305004495a9","hash":"ce3393934b964635f6c3653f53ef5580b1a5d99c"}
,"/Users/thecoolzone/Documents/HackReactor/front-end-capstone/CatWalk/src/components/Overview/productInfo.jsx": {"path":"/Users/thecoolzone/Documents/HackReactor/front-end-capstone/CatWalk/src/components/Overview/productInfo.jsx","statementMap":{"0":{"start":{"line":13,"column":23},"end":{"line":13,"column":49}},"1":{"start":{"line":14,"column":16},"end":{"line":14,"column":45}},"2":{"start":{"line":16,"column":27},"end":{"line":19,"column":3}},"3":{"start":{"line":17,"column":4},"end":{"line":17,"column":71}},"4":{"start":{"line":18,"column":4},"end":{"line":18,"column":48}},"5":{"start":{"line":21,"column":2},"end":{"line":47,"column":4}},"6":{"start":{"line":28,"column":16},"end":{"line":30,"column":17}},"7":{"start":{"line":29,"column":18},"end":{"line":29,"column":59}},"8":{"start":{"line":30,"column":18},"end":{"line":32,"column":17}},"9":{"start":{"line":31,"column":18},"end":{"line":31,"column":56}},"10":{"start":{"line":33,"column":16},"end":{"line":33,"column":61}}},"fnMap":{"0":{"name":"ProductInfo","decl":{"start":{"line":12,"column":9},"end":{"line":12,"column":20}},"loc":{"start":{"line":12,"column":61},"end":{"line":48,"column":1}},"line":12},"1":{"name":"(anonymous_1)","decl":{"start":{"line":16,"column":27},"end":{"line":16,"column":28}},"loc":{"start":{"line":16,"column":33},"end":{"line":19,"column":3}},"line":16},"2":{"name":"(anonymous_2)","decl":{"start":{"line":27,"column":25},"end":{"line":27,"column":26}},"loc":{"start":{"line":27,"column":35},"end":{"line":34,"column":15}},"line":27}},"branchMap":{"0":{"loc":{"start":{"line":23,"column":7},"end":{"line":39,"column":14}},"type":"cond-expr","locations":[{"start":{"line":25,"column":10},"end":{"line":37,"column":16}},{"start":{"line":39,"column":10},"end":{"line":39,"column":14}}],"line":23},"1":{"loc":{"start":{"line":28,"column":16},"end":{"line":30,"column":17}},"type":"if","locations":[{"start":{"line":28,"column":16},"end":{"line":30,"column":17}},{"start":{"line":28,"column":16},"end":{"line":30,"column":17}}],"line":28},"2":{"loc":{"start":{"line":30,"column":18},"end":{"line":32,"column":17}},"type":"if","locations":[{"start":{"line":30,"column":18},"end":{"line":32,"column":17}},{"start":{"line":30,"column":18},"end":{"line":32,"column":17}}],"line":30},"3":{"loc":{"start":{"line":41,"column":9},"end":{"line":42,"column":41}},"type":"binary-expr","locations":[{"start":{"line":41,"column":9},"end":{"line":41,"column":25}},{"start":{"line":42,"column":11},"end":{"line":42,"column":41}}],"line":41}},"s":{"0":4,"1":4,"2":4,"3":0,"4":0,"5":4,"6":15,"7":4,"8":11,"9":11,"10":0},"f":{"0":4,"1":0,"2":15},"b":{"0":[3,1],"1":[4,11],"2":[11,0],"3":[4,4]},"_coverageSchema":"1a1c01bbd47fc00a2c39e90264f33305004495a9","hash":"9dbf32d4296233b5499398b8b7ceda3dcd60b169"}
,"/Users/thecoolzone/Documents/HackReactor/front-end-capstone/CatWalk/src/components/Overview/productOverview.jsx": {"path":"/Users/thecoolzone/Documents/HackReactor/front-end-capstone/CatWalk/src/components/Overview/productOverview.jsx","statementMap":{"0":{"start":{"line":6,"column":2},"end":{"line":21,"column":4}},"1":{"start":{"line":14,"column":10},"end":{"line":17,"column":16}}},"fnMap":{"0":{"name":"ProductOverview","decl":{"start":{"line":5,"column":9},"end":{"line":5,"column":24}},"loc":{"start":{"line":5,"column":38},"end":{"line":22,"column":1}},"line":5},"1":{"name":"(anonymous_1)","decl":{"start":{"line":13,"column":30},"end":{"line":13,"column":31}},"loc":{"start":{"line":14,"column":10},"end":{"line":17,"column":16}},"line":14}},"branchMap":{},"s":{"0":0,"1":0},"f":{"0":0,"1":0},"b":{},"_coverageSchema":"1a1c01bbd47fc00a2c39e90264f33305004495a9","hash":"6d1f27eded1e58d567c3acf72d8bb382a1ca3835"}
,"/Users/thecoolzone/Documents/HackReactor/front-end-capstone/CatWalk/src/components/Overview/shareIcon.jsx": {"path":"/Users/thecoolzone/Documents/HackReactor/front-end-capstone/CatWalk/src/components/Overview/shareIcon.jsx","statementMap":{"0":{"start":{"line":7,"column":2},"end":{"line":13,"column":4}}},"fnMap":{"0":{"name":"ShareIcon","decl":{"start":{"line":6,"column":9},"end":{"line":6,"column":18}},"loc":{"start":{"line":6,"column":21},"end":{"line":14,"column":1}},"line":6}},"branchMap":{},"s":{"0":0},"f":{"0":0},"b":{},"_coverageSchema":"1a1c01bbd47fc00a2c39e90264f33305004495a9","hash":"d242f1a15db00c125a7d16b25aea5c21a1e7e2f2"}
,"/Users/thecoolzone/Documents/HackReactor/front-end-capstone/CatWalk/src/components/Overview/styleSelector.jsx": {"path":"/Users/thecoolzone/Documents/HackReactor/front-end-capstone/CatWalk/src/components/Overview/styleSelector.jsx","statementMap":{"0":{"start":{"line":6,"column":2},"end":{"line":11,"column":11}},"1":{"start":{"line":19,"column":20},"end":{"line":23,"column":3}},"2":{"start":{"line":25,"column":18},"end":{"line":31,"column":3}},"3":{"start":{"line":33,"column":2},"end":{"line":53,"column":3}},"4":{"start":{"line":38,"column":10},"end":{"line":49,"column":11}},"5":{"start":{"line":46,"column":16},"end":{"line":46,"column":40}}},"fnMap":{"0":{"name":"StyleSelector","decl":{"start":{"line":4,"column":9},"end":{"line":4,"column":22}},"loc":{"start":{"line":4,"column":76},"end":{"line":12,"column":1}},"line":4},"1":{"name":"Circle","decl":{"start":{"line":17,"column":9},"end":{"line":17,"column":15}},"loc":{"start":{"line":17,"column":55},"end":{"line":54,"column":1}},"line":17},"2":{"name":"(anonymous_2)","decl":{"start":{"line":37,"column":51},"end":{"line":37,"column":52}},"loc":{"start":{"line":37,"column":60},"end":{"line":50,"column":9}},"line":37},"3":{"name":"(anonymous_3)","decl":{"start":{"line":45,"column":146},"end":{"line":45,"column":147}},"loc":{"start":{"line":45,"column":152},"end":{"line":47,"column":15}},"line":45}},"branchMap":{"0":{"loc":{"start":{"line":37,"column":9},"end":{"line":50,"column":11}},"type":"binary-expr","locations":[{"start":{"line":37,"column":9},"end":{"line":37,"column":35}},{"start":{"line":37,"column":39},"end":{"line":50,"column":11}}],"line":37},"1":{"loc":{"start":{"line":40,"column":16},"end":{"line":43,"column":22}},"type":"binary-expr","locations":[{"start":{"line":40,"column":16},"end":{"line":40,"column":51}},{"start":{"line":41,"column":16},"end":{"line":43,"column":22}}],"line":40}},"s":{"0":1,"1":1,"2":1,"3":1,"4":2,"5":1},"f":{"0":1,"1":1,"2":2,"3":1},"b":{"0":[1,1],"1":[2,0]},"_coverageSchema":"1a1c01bbd47fc00a2c39e90264f33305004495a9","hash":"e3e1e9825832732f5637d4f3995c24bd05cbfce4"}
,"/Users/thecoolzone/Documents/HackReactor/front-end-capstone/CatWalk/src/components/Overview/thumbnails.jsx": {"path":"/Users/thecoolzone/Documents/HackReactor/front-end-capstone/CatWalk/src/components/Overview/thumbnails.jsx","statementMap":{"0":{"start":{"line":8,"column":12},"end":{"line":8,"column":38}},"1":{"start":{"line":10,"column":19},"end":{"line":18,"column":3}},"2":{"start":{"line":20,"column":25},"end":{"line":23,"column":3}},"3":{"start":{"line":25,"column":15},"end":{"line":32,"column":3}},"4":{"start":{"line":26,"column":4},"end":{"line":28,"column":5}},"5":{"start":{"line":26,"column":17},"end":{"line":26,"column":18}},"6":{"start":{"line":27,"column":6},"end":{"line":27,"column":67}},"7":{"start":{"line":29,"column":4},"end":{"line":31,"column":5}},"8":{"start":{"line":29,"column":17},"end":{"line":29,"column":18}},"9":{"start":{"line":30,"column":6},"end":{"line":30,"column":77}},"10":{"start":{"line":34,"column":2},"end":{"line":47,"column":39}},"11":{"start":{"line":35,"column":4},"end":{"line":46,"column":5}},"12":{"start":{"line":36,"column":6},"end":{"line":36,"column":29}},"13":{"start":{"line":37,"column":18},"end":{"line":37,"column":46}},"14":{"start":{"line":38,"column":6},"end":{"line":45,"column":7}},"15":{"start":{"line":39,"column":8},"end":{"line":39,"column":70}},"16":{"start":{"line":40,"column":13},"end":{"line":45,"column":7}},"17":{"start":{"line":41,"column":8},"end":{"line":41,"column":72}},"18":{"start":{"line":43,"column":8},"end":{"line":43,"column":66}},"19":{"start":{"line":44,"column":8},"end":{"line":44,"column":68}},"20":{"start":{"line":49,"column":16},"end":{"line":49,"column":35}},"21":{"start":{"line":51,"column":2},"end":{"line":89,"column":4}},"22":{"start":{"line":68,"column":12},"end":{"line":77,"column":17}},"23":{"start":{"line":73,"column":38},"end":{"line":73,"column":61}}},"fnMap":{"0":{"name":"Thumbnails","decl":{"start":{"line":5,"column":9},"end":{"line":5,"column":19}},"loc":{"start":{"line":7,"column":3},"end":{"line":90,"column":1}},"line":7},"1":{"name":"(anonymous_1)","decl":{"start":{"line":25,"column":15},"end":{"line":25,"column":16}},"loc":{"start":{"line":25,"column":24},"end":{"line":32,"column":3}},"line":25},"2":{"name":"(anonymous_2)","decl":{"start":{"line":34,"column":12},"end":{"line":34,"column":13}},"loc":{"start":{"line":34,"column":18},"end":{"line":47,"column":3}},"line":34},"3":{"name":"(anonymous_3)","decl":{"start":{"line":67,"column":35},"end":{"line":67,"column":36}},"loc":{"start":{"line":68,"column":12},"end":{"line":77,"column":17}},"line":68},"4":{"name":"(anonymous_4)","decl":{"start":{"line":73,"column":29},"end":{"line":73,"column":30}},"loc":{"start":{"line":73,"column":36},"end":{"line":73,"column":63}},"line":73}},"branchMap":{"0":{"loc":{"start":{"line":10,"column":19},"end":{"line":18,"column":3}},"type":"cond-expr","locations":[{"start":{"line":10,"column":32},"end":{"line":13,"column":3}},{"start":{"line":13,"column":6},"end":{"line":18,"column":3}}],"line":10},"1":{"loc":{"start":{"line":35,"column":4},"end":{"line":46,"column":5}},"type":"if","locations":[{"start":{"line":35,"column":4},"end":{"line":46,"column":5}},{"start":{"line":35,"column":4},"end":{"line":46,"column":5}}],"line":35},"2":{"loc":{"start":{"line":38,"column":6},"end":{"line":45,"column":7}},"type":"if","locations":[{"start":{"line":38,"column":6},"end":{"line":45,"column":7}},{"start":{"line":38,"column":6},"end":{"line":45,"column":7}}],"line":38},"3":{"loc":{"start":{"line":40,"column":13},"end":{"line":45,"column":7}},"type":"if","locations":[{"start":{"line":40,"column":13},"end":{"line":45,"column":7}},{"start":{"line":40,"column":13},"end":{"line":45,"column":7}}],"line":40},"4":{"loc":{"start":{"line":53,"column":7},"end":{"line":87,"column":9}},"type":"binary-expr","locations":[{"start":{"line":53,"column":7},"end":{"line":53,"column":40}},{"start":{"line":55,"column":8},"end":{"line":86,"column":13}}],"line":53},"5":{"loc":{"start":{"line":56,"column":11},"end":{"line":66,"column":18}},"type":"cond-expr","locations":[{"start":{"line":58,"column":14},"end":{"line":64,"column":20}},{"start":{"line":66,"column":14},"end":{"line":66,"column":18}}],"line":56},"6":{"loc":{"start":{"line":79,"column":11},"end":{"line":85,"column":18}},"type":"cond-expr","locations":[{"start":{"line":81,"column":14},"end":{"line":83,"column":20}},{"start":{"line":85,"column":14},"end":{"line":85,"column":18}}],"line":79}},"s":{"0":0,"1":0,"2":0,"3":0,"4":0,"5":0,"6":0,"7":0,"8":0,"9":0,"10":0,"11":0,"12":0,"13":0,"14":0,"15":0,"16":0,"17":0,"18":0,"19":0,"20":0,"21":0,"22":0,"23":0},"f":{"0":0,"1":0,"2":0,"3":0,"4":0},"b":{"0":[0,0],"1":[0,0],"2":[0,0],"3":[0,0],"4":[0,0],"5":[0,0],"6":[0,0]},"_coverageSchema":"1a1c01bbd47fc00a2c39e90264f33305004495a9","hash":"956f545a52dec5db0057ca1d6b48dc5e6e32933a"}
,"/Users/thecoolzone/Documents/HackReactor/front-end-capstone/CatWalk/src/components/QA/AddAnswer.jsx": {"path":"/Users/thecoolzone/Documents/HackReactor/front-end-capstone/CatWalk/src/components/QA/AddAnswer.jsx","statementMap":{"0":{"start":{"line":10,"column":20},"end":{"line":10,"column":44}},"1":{"start":{"line":11,"column":16},"end":{"line":11,"column":28}},"2":{"start":{"line":12,"column":30},"end":{"line":14,"column":4}},"3":{"start":{"line":15,"column":42},"end":{"line":15,"column":57}},"4":{"start":{"line":16,"column":23},"end":{"line":16,"column":49}},"5":{"start":{"line":18,"column":28},"end":{"line":21,"column":3}},"6":{"start":{"line":19,"column":28},"end":{"line":19,"column":36}},"7":{"start":{"line":20,"column":4},"end":{"line":20,"column":44}},"8":{"start":{"line":23,"column":24},"end":{"line":26,"column":3}},"9":{"start":{"line":24,"column":15},"end":{"line":24,"column":166}},"10":{"start":{"line":25,"column":4},"end":{"line":25,"column":48}},"11":{"start":{"line":28,"column":21},"end":{"line":32,"column":3}},"12":{"start":{"line":29,"column":4},"end":{"line":31,"column":37}},"13":{"start":{"line":30,"column":21},"end":{"line":30,"column":40}},"14":{"start":{"line":31,"column":22},"end":{"line":31,"column":35}},"15":{"start":{"line":34,"column":18},"end":{"line":51,"column":3}},"16":{"start":{"line":35,"column":4},"end":{"line":35,"column":37}},"17":{"start":{"line":36,"column":4},"end":{"line":36,"column":23}},"18":{"start":{"line":37,"column":41},"end":{"line":37,"column":47}},"19":{"start":{"line":38,"column":4},"end":{"line":41,"column":5}},"20":{"start":{"line":39,"column":6},"end":{"line":39,"column":28}},"21":{"start":{"line":40,"column":6},"end":{"line":40,"column":13}},"22":{"start":{"line":42,"column":4},"end":{"line":50,"column":7}},"23":{"start":{"line":43,"column":6},"end":{"line":49,"column":7}},"24":{"start":{"line":44,"column":8},"end":{"line":44,"column":32}},"25":{"start":{"line":46,"column":8},"end":{"line":46,"column":34}},"26":{"start":{"line":47,"column":8},"end":{"line":47,"column":30}},"27":{"start":{"line":48,"column":8},"end":{"line":48,"column":31}},"28":{"start":{"line":53,"column":2},"end":{"line":108,"column":4}},"29":{"start":{"line":55,"column":93},"end":{"line":55,"column":113}}},"fnMap":{"0":{"name":"AddAnswer","decl":{"start":{"line":9,"column":9},"end":{"line":9,"column":18}},"loc":{"start":{"line":9,"column":62},"end":{"line":109,"column":1}},"line":9},"1":{"name":"(anonymous_1)","decl":{"start":{"line":18,"column":28},"end":{"line":18,"column":29}},"loc":{"start":{"line":18,"column":35},"end":{"line":21,"column":3}},"line":18},"2":{"name":"(anonymous_2)","decl":{"start":{"line":23,"column":24},"end":{"line":23,"column":25}},"loc":{"start":{"line":23,"column":35},"end":{"line":26,"column":3}},"line":23},"3":{"name":"(anonymous_3)","decl":{"start":{"line":28,"column":21},"end":{"line":28,"column":22}},"loc":{"start":{"line":28,"column":43},"end":{"line":32,"column":3}},"line":28},"4":{"name":"(anonymous_4)","decl":{"start":{"line":30,"column":12},"end":{"line":30,"column":13}},"loc":{"start":{"line":30,"column":21},"end":{"line":30,"column":40}},"line":30},"5":{"name":"(anonymous_5)","decl":{"start":{"line":31,"column":13},"end":{"line":31,"column":14}},"loc":{"start":{"line":31,"column":22},"end":{"line":31,"column":35}},"line":31},"6":{"name":"(anonymous_6)","decl":{"start":{"line":34,"column":18},"end":{"line":34,"column":19}},"loc":{"start":{"line":34,"column":25},"end":{"line":51,"column":3}},"line":34},"7":{"name":"(anonymous_7)","decl":{"start":{"line":42,"column":23},"end":{"line":42,"column":24}},"loc":{"start":{"line":42,"column":32},"end":{"line":50,"column":5}},"line":42},"8":{"name":"(anonymous_8)","decl":{"start":{"line":55,"column":87},"end":{"line":55,"column":88}},"loc":{"start":{"line":55,"column":93},"end":{"line":55,"column":113}},"line":55}},"branchMap":{"0":{"loc":{"start":{"line":38,"column":4},"end":{"line":41,"column":5}},"type":"if","locations":[{"start":{"line":38,"column":4},"end":{"line":41,"column":5}},{"start":{"line":38,"column":4},"end":{"line":41,"column":5}}],"line":38},"1":{"loc":{"start":{"line":38,"column":8},"end":{"line":38,"column":57}},"type":"binary-expr","locations":[{"start":{"line":38,"column":8},"end":{"line":38,"column":13}},{"start":{"line":38,"column":17},"end":{"line":38,"column":23}},{"start":{"line":38,"column":27},"end":{"line":38,"column":32}},{"start":{"line":38,"column":36},"end":{"line":38,"column":57}}],"line":38},"2":{"loc":{"start":{"line":43,"column":6},"end":{"line":49,"column":7}},"type":"if","locations":[{"start":{"line":43,"column":6},"end":{"line":49,"column":7}},{"start":{"line":43,"column":6},"end":{"line":49,"column":7}}],"line":43},"3":{"loc":{"start":{"line":61,"column":11},"end":{"line":62,"column":79}},"type":"binary-expr","locations":[{"start":{"line":61,"column":11},"end":{"line":61,"column":23}},{"start":{"line":62,"column":15},"end":{"line":62,"column":79}}],"line":61}},"s":{"0":0,"1":0,"2":0,"3":0,"4":0,"5":0,"6":0,"7":0,"8":0,"9":0,"10":0,"11":0,"12":0,"13":0,"14":0,"15":0,"16":0,"17":0,"18":0,"19":0,"20":0,"21":0,"22":0,"23":0,"24":0,"25":0,"26":0,"27":0,"28":0,"29":0},"f":{"0":0,"1":0,"2":0,"3":0,"4":0,"5":0,"6":0,"7":0,"8":0},"b":{"0":[0,0],"1":[0,0,0,0],"2":[0,0],"3":[0,0]},"_coverageSchema":"1a1c01bbd47fc00a2c39e90264f33305004495a9","hash":"6284aa3011e81065d996c0b7caff89996836bac7"}
,"/Users/thecoolzone/Documents/HackReactor/front-end-capstone/CatWalk/src/components/QA/AddQuestion.jsx": {"path":"/Users/thecoolzone/Documents/HackReactor/front-end-capstone/CatWalk/src/components/QA/AddQuestion.jsx","statementMap":{"0":{"start":{"line":12,"column":20},"end":{"line":12,"column":44}},"1":{"start":{"line":13,"column":16},"end":{"line":13,"column":28}},"2":{"start":{"line":14,"column":17},"end":{"line":14,"column":28}},"3":{"start":{"line":15,"column":23},"end":{"line":15,"column":49}},"4":{"start":{"line":16,"column":30},"end":{"line":18,"column":4}},"5":{"start":{"line":19,"column":42},"end":{"line":19,"column":57}},"6":{"start":{"line":21,"column":28},"end":{"line":24,"column":3}},"7":{"start":{"line":22,"column":28},"end":{"line":22,"column":36}},"8":{"start":{"line":23,"column":4},"end":{"line":23,"column":44}},"9":{"start":{"line":26,"column":24},"end":{"line":29,"column":3}},"10":{"start":{"line":27,"column":15},"end":{"line":27,"column":166}},"11":{"start":{"line":28,"column":4},"end":{"line":28,"column":48}},"12":{"start":{"line":31,"column":23},"end":{"line":36,"column":3}},"13":{"start":{"line":32,"column":4},"end":{"line":32,"column":39}},"14":{"start":{"line":33,"column":4},"end":{"line":35,"column":37}},"15":{"start":{"line":34,"column":21},"end":{"line":34,"column":40}},"16":{"start":{"line":35,"column":22},"end":{"line":35,"column":35}},"17":{"start":{"line":38,"column":18},"end":{"line":56,"column":3}},"18":{"start":{"line":39,"column":4},"end":{"line":39,"column":23}},"19":{"start":{"line":40,"column":4},"end":{"line":40,"column":39}},"20":{"start":{"line":41,"column":34},"end":{"line":41,"column":40}},"21":{"start":{"line":42,"column":4},"end":{"line":46,"column":5}},"22":{"start":{"line":43,"column":6},"end":{"line":43,"column":37}},"23":{"start":{"line":44,"column":6},"end":{"line":44,"column":28}},"24":{"start":{"line":45,"column":6},"end":{"line":45,"column":13}},"25":{"start":{"line":47,"column":4},"end":{"line":55,"column":7}},"26":{"start":{"line":48,"column":6},"end":{"line":54,"column":7}},"27":{"start":{"line":49,"column":8},"end":{"line":49,"column":32}},"28":{"start":{"line":51,"column":8},"end":{"line":51,"column":36}},"29":{"start":{"line":52,"column":8},"end":{"line":52,"column":30}},"30":{"start":{"line":53,"column":8},"end":{"line":53,"column":31}},"31":{"start":{"line":58,"column":2},"end":{"line":106,"column":4}},"32":{"start":{"line":60,"column":95},"end":{"line":60,"column":115}}},"fnMap":{"0":{"name":"AddQuestion","decl":{"start":{"line":11,"column":9},"end":{"line":11,"column":20}},"loc":{"start":{"line":11,"column":47},"end":{"line":107,"column":1}},"line":11},"1":{"name":"(anonymous_1)","decl":{"start":{"line":21,"column":28},"end":{"line":21,"column":29}},"loc":{"start":{"line":21,"column":35},"end":{"line":24,"column":3}},"line":21},"2":{"name":"(anonymous_2)","decl":{"start":{"line":26,"column":24},"end":{"line":26,"column":25}},"loc":{"start":{"line":26,"column":35},"end":{"line":29,"column":3}},"line":26},"3":{"name":"(anonymous_3)","decl":{"start":{"line":31,"column":23},"end":{"line":31,"column":24}},"loc":{"start":{"line":31,"column":45},"end":{"line":36,"column":3}},"line":31},"4":{"name":"(anonymous_4)","decl":{"start":{"line":34,"column":12},"end":{"line":34,"column":13}},"loc":{"start":{"line":34,"column":21},"end":{"line":34,"column":40}},"line":34},"5":{"name":"(anonymous_5)","decl":{"start":{"line":35,"column":13},"end":{"line":35,"column":14}},"loc":{"start":{"line":35,"column":22},"end":{"line":35,"column":35}},"line":35},"6":{"name":"(anonymous_6)","decl":{"start":{"line":38,"column":18},"end":{"line":38,"column":19}},"loc":{"start":{"line":38,"column":25},"end":{"line":56,"column":3}},"line":38},"7":{"name":"(anonymous_7)","decl":{"start":{"line":47,"column":25},"end":{"line":47,"column":26}},"loc":{"start":{"line":47,"column":34},"end":{"line":55,"column":5}},"line":47},"8":{"name":"(anonymous_8)","decl":{"start":{"line":60,"column":89},"end":{"line":60,"column":90}},"loc":{"start":{"line":60,"column":95},"end":{"line":60,"column":115}},"line":60}},"branchMap":{"0":{"loc":{"start":{"line":42,"column":4},"end":{"line":46,"column":5}},"type":"if","locations":[{"start":{"line":42,"column":4},"end":{"line":46,"column":5}},{"start":{"line":42,"column":4},"end":{"line":46,"column":5}}],"line":42},"1":{"loc":{"start":{"line":42,"column":8},"end":{"line":42,"column":57}},"type":"binary-expr","locations":[{"start":{"line":42,"column":8},"end":{"line":42,"column":13}},{"start":{"line":42,"column":17},"end":{"line":42,"column":23}},{"start":{"line":42,"column":27},"end":{"line":42,"column":32}},{"start":{"line":42,"column":36},"end":{"line":42,"column":57}}],"line":42},"2":{"loc":{"start":{"line":48,"column":6},"end":{"line":54,"column":7}},"type":"if","locations":[{"start":{"line":48,"column":6},"end":{"line":54,"column":7}},{"start":{"line":48,"column":6},"end":{"line":54,"column":7}}],"line":48},"3":{"loc":{"start":{"line":66,"column":11},"end":{"line":67,"column":85}},"type":"binary-expr","locations":[{"start":{"line":66,"column":11},"end":{"line":66,"column":23}},{"start":{"line":67,"column":15},"end":{"line":67,"column":85}}],"line":66}},"s":{"0":0,"1":0,"2":0,"3":0,"4":0,"5":0,"6":0,"7":0,"8":0,"9":0,"10":0,"11":0,"12":0,"13":0,"14":0,"15":0,"16":0,"17":0,"18":0,"19":0,"20":0,"21":0,"22":0,"23":0,"24":0,"25":0,"26":0,"27":0,"28":0,"29":0,"30":0,"31":0,"32":0},"f":{"0":0,"1":0,"2":0,"3":0,"4":0,"5":0,"6":0,"7":0,"8":0},"b":{"0":[0,0],"1":[0,0,0,0],"2":[0,0],"3":[0,0]},"_coverageSchema":"1a1c01bbd47fc00a2c39e90264f33305004495a9","hash":"6e45eee5dbb2232bb33a107cb8b2119da4673531"}
,"/Users/thecoolzone/Documents/HackReactor/front-end-capstone/CatWalk/src/components/QA/AnswerHelpful.jsx": {"path":"/Users/thecoolzone/Documents/HackReactor/front-end-capstone/CatWalk/src/components/QA/AnswerHelpful.jsx","statementMap":{"0":{"start":{"line":9,"column":36},"end":{"line":9,"column":63}},"1":{"start":{"line":10,"column":42},"end":{"line":10,"column":57}},"2":{"start":{"line":11,"column":23},"end":{"line":11,"column":49}},"3":{"start":{"line":12,"column":20},"end":{"line":12,"column":44}},"4":{"start":{"line":14,"column":28},"end":{"line":20,"column":3}},"5":{"start":{"line":15,"column":4},"end":{"line":15,"column":32}},"6":{"start":{"line":16,"column":4},"end":{"line":16,"column":26}},"7":{"start":{"line":17,"column":4},"end":{"line":17,"column":41}},"8":{"start":{"line":18,"column":4},"end":{"line":19,"column":40}},"9":{"start":{"line":19,"column":22},"end":{"line":19,"column":38}},"10":{"start":{"line":21,"column":2},"end":{"line":29,"column":4}},"11":{"start":{"line":25,"column":96},"end":{"line":25,"column":115}}},"fnMap":{"0":{"name":"AnswerHelpful","decl":{"start":{"line":8,"column":9},"end":{"line":8,"column":22}},"loc":{"start":{"line":8,"column":56},"end":{"line":30,"column":1}},"line":8},"1":{"name":"(anonymous_1)","decl":{"start":{"line":14,"column":28},"end":{"line":14,"column":29}},"loc":{"start":{"line":14,"column":34},"end":{"line":20,"column":3}},"line":14},"2":{"name":"(anonymous_2)","decl":{"start":{"line":19,"column":13},"end":{"line":19,"column":14}},"loc":{"start":{"line":19,"column":22},"end":{"line":19,"column":38}},"line":19},"3":{"name":"(anonymous_3)","decl":{"start":{"line":25,"column":90},"end":{"line":25,"column":91}},"loc":{"start":{"line":25,"column":96},"end":{"line":25,"column":115}},"line":25}},"branchMap":{"0":{"loc":{"start":{"line":23,"column":7},"end":{"line":25,"column":131}},"type":"cond-expr","locations":[{"start":{"line":24,"column":10},"end":{"line":24,"column":103}},{"start":{"line":25,"column":10},"end":{"line":25,"column":131}}],"line":23}},"s":{"0":0,"1":0,"2":0,"3":0,"4":0,"5":0,"6":0,"7":0,"8":0,"9":0,"10":0,"11":0},"f":{"0":0,"1":0,"2":0,"3":0},"b":{"0":[0,0]},"_coverageSchema":"1a1c01bbd47fc00a2c39e90264f33305004495a9","hash":"9488df071ad88e9fd7a68476ee9c16a3b67e3ffc"}
,"/Users/thecoolzone/Documents/HackReactor/front-end-capstone/CatWalk/src/components/QA/AnswerReport.jsx": {"path":"/Users/thecoolzone/Documents/HackReactor/front-end-capstone/CatWalk/src/components/QA/AnswerReport.jsx","statementMap":{"0":{"start":{"line":6,"column":34},"end":{"line":6,"column":49}},"1":{"start":{"line":7,"column":23},"end":{"line":7,"column":49}},"2":{"start":{"line":9,"column":25},"end":{"line":15,"column":3}},"3":{"start":{"line":10,"column":4},"end":{"line":10,"column":24}},"4":{"start":{"line":11,"column":4},"end":{"line":11,"column":40}},"5":{"start":{"line":12,"column":4},"end":{"line":14,"column":40}},"6":{"start":{"line":13,"column":21},"end":{"line":13,"column":37}},"7":{"start":{"line":14,"column":22},"end":{"line":14,"column":38}},"8":{"start":{"line":17,"column":2},"end":{"line":23,"column":4}},"9":{"start":{"line":21,"column":70},"end":{"line":21,"column":86}}},"fnMap":{"0":{"name":"AnswerReport","decl":{"start":{"line":5,"column":9},"end":{"line":5,"column":21}},"loc":{"start":{"line":5,"column":36},"end":{"line":24,"column":1}},"line":5},"1":{"name":"(anonymous_1)","decl":{"start":{"line":9,"column":25},"end":{"line":9,"column":26}},"loc":{"start":{"line":9,"column":31},"end":{"line":15,"column":3}},"line":9},"2":{"name":"(anonymous_2)","decl":{"start":{"line":13,"column":12},"end":{"line":13,"column":13}},"loc":{"start":{"line":13,"column":21},"end":{"line":13,"column":37}},"line":13},"3":{"name":"(anonymous_3)","decl":{"start":{"line":14,"column":13},"end":{"line":14,"column":14}},"loc":{"start":{"line":14,"column":22},"end":{"line":14,"column":38}},"line":14},"4":{"name":"(anonymous_4)","decl":{"start":{"line":21,"column":64},"end":{"line":21,"column":65}},"loc":{"start":{"line":21,"column":70},"end":{"line":21,"column":86}},"line":21}},"branchMap":{"0":{"loc":{"start":{"line":19,"column":7},"end":{"line":21,"column":103}},"type":"cond-expr","locations":[{"start":{"line":20,"column":10},"end":{"line":20,"column":80}},{"start":{"line":21,"column":10},"end":{"line":21,"column":103}}],"line":19}},"s":{"0":0,"1":0,"2":0,"3":0,"4":0,"5":0,"6":0,"7":0,"8":0,"9":0},"f":{"0":0,"1":0,"2":0,"3":0,"4":0},"b":{"0":[0,0]},"_coverageSchema":"1a1c01bbd47fc00a2c39e90264f33305004495a9","hash":"919d77f776be2ccb7d41aac11946c7b42d4ed726"}
,"/Users/thecoolzone/Documents/HackReactor/front-end-capstone/CatWalk/src/components/QA/Answers.jsx": {"path":"/Users/thecoolzone/Documents/HackReactor/front-end-capstone/CatWalk/src/components/QA/Answers.jsx","statementMap":{"0":{"start":{"line":10,"column":15},"end":{"line":10,"column":39}},"1":{"start":{"line":12,"column":21},"end":{"line":23,"column":3}},"2":{"start":{"line":13,"column":17},"end":{"line":13,"column":19}},"3":{"start":{"line":14,"column":4},"end":{"line":21,"column":5}},"4":{"start":{"line":14,"column":17},"end":{"line":14,"column":18}},"5":{"start":{"line":15,"column":6},"end":{"line":20,"column":7}},"6":{"start":{"line":16,"column":8},"end":{"line":16,"column":22}},"7":{"start":{"line":17,"column":8},"end":{"line":17,"column":15}},"8":{"start":{"line":19,"column":8},"end":{"line":19,"column":28}},"9":{"start":{"line":22,"column":4},"end":{"line":22,"column":18}},"10":{"start":{"line":25,"column":2},"end":{"line":41,"column":4}}},"fnMap":{"0":{"name":"Answers","decl":{"start":{"line":9,"column":9},"end":{"line":9,"column":16}},"loc":{"start":{"line":9,"column":29},"end":{"line":42,"column":1}},"line":9},"1":{"name":"(anonymous_1)","decl":{"start":{"line":12,"column":21},"end":{"line":12,"column":22}},"loc":{"start":{"line":12,"column":33},"end":{"line":23,"column":3}},"line":12}},"branchMap":{"0":{"loc":{"start":{"line":15,"column":6},"end":{"line":20,"column":7}},"type":"if","locations":[{"start":{"line":15,"column":6},"end":{"line":20,"column":7}},{"start":{"line":15,"column":6},"end":{"line":20,"column":7}}],"line":15},"1":{"loc":{"start":{"line":15,"column":10},"end":{"line":15,"column":52}},"type":"binary-expr","locations":[{"start":{"line":15,"column":10},"end":{"line":15,"column":27}},{"start":{"line":15,"column":31},"end":{"line":15,"column":52}}],"line":15}},"s":{"0":0,"1":0,"2":0,"3":0,"4":0,"5":0,"6":0,"7":0,"8":0,"9":0,"10":0},"f":{"0":0,"1":0},"b":{"0":[0,0],"1":[0,0]},"_coverageSchema":"1a1c01bbd47fc00a2c39e90264f33305004495a9","hash":"9b6e1b013061e82564f6c8cf599665cb8b1fc2d1"}
,"/Users/thecoolzone/Documents/HackReactor/front-end-capstone/CatWalk/src/components/QA/QuestionHelpful.jsx": {"path":"/Users/thecoolzone/Documents/HackReactor/front-end-capstone/CatWalk/src/components/QA/QuestionHelpful.jsx","statementMap":{"0":{"start":{"line":9,"column":36},"end":{"line":9,"column":65}},"1":{"start":{"line":10,"column":23},"end":{"line":10,"column":49}},"2":{"start":{"line":11,"column":42},"end":{"line":11,"column":57}},"3":{"start":{"line":12,"column":20},"end":{"line":12,"column":44}},"4":{"start":{"line":13,"column":28},"end":{"line":19,"column":3}},"5":{"start":{"line":14,"column":4},"end":{"line":14,"column":43}},"6":{"start":{"line":15,"column":4},"end":{"line":15,"column":32}},"7":{"start":{"line":16,"column":4},"end":{"line":16,"column":26}},"8":{"start":{"line":17,"column":4},"end":{"line":18,"column":40}},"9":{"start":{"line":18,"column":22},"end":{"line":18,"column":38}},"10":{"start":{"line":20,"column":2},"end":{"line":28,"column":4}},"11":{"start":{"line":24,"column":96},"end":{"line":24,"column":115}}},"fnMap":{"0":{"name":"QuestionHelpful","decl":{"start":{"line":8,"column":9},"end":{"line":8,"column":24}},"loc":{"start":{"line":8,"column":62},"end":{"line":29,"column":1}},"line":8},"1":{"name":"(anonymous_1)","decl":{"start":{"line":13,"column":28},"end":{"line":13,"column":29}},"loc":{"start":{"line":13,"column":34},"end":{"line":19,"column":3}},"line":13},"2":{"name":"(anonymous_2)","decl":{"start":{"line":18,"column":13},"end":{"line":18,"column":14}},"loc":{"start":{"line":18,"column":22},"end":{"line":18,"column":38}},"line":18},"3":{"name":"(anonymous_3)","decl":{"start":{"line":24,"column":90},"end":{"line":24,"column":91}},"loc":{"start":{"line":24,"column":96},"end":{"line":24,"column":115}},"line":24}},"branchMap":{"0":{"loc":{"start":{"line":22,"column":7},"end":{"line":24,"column":131}},"type":"cond-expr","locations":[{"start":{"line":23,"column":10},"end":{"line":23,"column":103}},{"start":{"line":24,"column":10},"end":{"line":24,"column":131}}],"line":22}},"s":{"0":0,"1":0,"2":0,"3":0,"4":0,"5":0,"6":0,"7":0,"8":0,"9":0,"10":0,"11":0},"f":{"0":0,"1":0,"2":0,"3":0},"b":{"0":[0,0]},"_coverageSchema":"1a1c01bbd47fc00a2c39e90264f33305004495a9","hash":"ef7542b7adf2eebc160e929cd08b55884ad50aa6"}
,"/Users/thecoolzone/Documents/HackReactor/front-end-capstone/CatWalk/src/components/QA/QuestionSearch.jsx": {"path":"/Users/thecoolzone/Documents/HackReactor/front-end-capstone/CatWalk/src/components/QA/QuestionSearch.jsx","statementMap":{"0":{"start":{"line":4,"column":23},"end":{"line":17,"column":1}},"1":{"start":{"line":5,"column":20},"end":{"line":5,"column":44}},"2":{"start":{"line":6,"column":2},"end":{"line":16,"column":4}}},"fnMap":{"0":{"name":"(anonymous_0)","decl":{"start":{"line":4,"column":23},"end":{"line":4,"column":24}},"loc":{"start":{"line":4,"column":55},"end":{"line":17,"column":1}},"line":4}},"branchMap":{},"s":{"0":2,"1":0,"2":0},"f":{"0":0},"b":{},"_coverageSchema":"1a1c01bbd47fc00a2c39e90264f33305004495a9","hash":"4c83b292889f73f5b1a56a67b2f410f01d26b722"}
,"/Users/thecoolzone/Documents/HackReactor/front-end-capstone/CatWalk/src/components/QA/Questions.jsx": {"path":"/Users/thecoolzone/Documents/HackReactor/front-end-capstone/CatWalk/src/components/QA/Questions.jsx","statementMap":{"0":{"start":{"line":13,"column":28},"end":{"line":16,"column":3}},"1":{"start":{"line":14,"column":23},"end":{"line":14,"column":60}},"2":{"start":{"line":15,"column":4},"end":{"line":15,"column":68}},"3":{"start":{"line":15,"column":37},"end":{"line":15,"column":66}},"4":{"start":{"line":17,"column":21},"end":{"line":17,"column":48}},"5":{"start":{"line":18,"column":60},"end":{"line":18,"column":71}},"6":{"start":{"line":19,"column":50},"end":{"line":19,"column":102}},"7":{"start":{"line":20,"column":56},"end":{"line":20,"column":71}},"8":{"start":{"line":21,"column":20},"end":{"line":21,"column":44}},"9":{"start":{"line":22,"column":28},"end":{"line":26,"column":3}},"10":{"start":{"line":23,"column":4},"end":{"line":23,"column":48}},"11":{"start":{"line":24,"column":4},"end":{"line":24,"column":36}},"12":{"start":{"line":25,"column":4},"end":{"line":25,"column":33}},"13":{"start":{"line":27,"column":32},"end":{"line":31,"column":3}},"14":{"start":{"line":28,"column":4},"end":{"line":28,"column":32}},"15":{"start":{"line":29,"column":4},"end":{"line":29,"column":48}},"16":{"start":{"line":30,"column":4},"end":{"line":30,"column":34}},"17":{"start":{"line":33,"column":2},"end":{"line":77,"column":4}},"18":{"start":{"line":51,"column":8},"end":{"line":54,"column":10}},"19":{"start":{"line":61,"column":25},"end":{"line":61,"column":44}},"20":{"start":{"line":70,"column":25},"end":{"line":70,"column":48}}},"fnMap":{"0":{"name":"Questions","decl":{"start":{"line":12,"column":9},"end":{"line":12,"column":18}},"loc":{"start":{"line":12,"column":46},"end":{"line":78,"column":1}},"line":12},"1":{"name":"(anonymous_1)","decl":{"start":{"line":13,"column":28},"end":{"line":13,"column":29}},"loc":{"start":{"line":13,"column":54},"end":{"line":16,"column":3}},"line":13},"2":{"name":"(anonymous_2)","decl":{"start":{"line":15,"column":27},"end":{"line":15,"column":28}},"loc":{"start":{"line":15,"column":37},"end":{"line":15,"column":66}},"line":15},"3":{"name":"(anonymous_3)","decl":{"start":{"line":22,"column":28},"end":{"line":22,"column":29}},"loc":{"start":{"line":22,"column":40},"end":{"line":26,"column":3}},"line":22},"4":{"name":"(anonymous_4)","decl":{"start":{"line":27,"column":32},"end":{"line":27,"column":33}},"loc":{"start":{"line":27,"column":44},"end":{"line":31,"column":3}},"line":27},"5":{"name":"(anonymous_5)","decl":{"start":{"line":50,"column":30},"end":{"line":50,"column":31}},"loc":{"start":{"line":51,"column":8},"end":{"line":54,"column":10}},"line":51},"6":{"name":"(anonymous_6)","decl":{"start":{"line":61,"column":19},"end":{"line":61,"column":20}},"loc":{"start":{"line":61,"column":25},"end":{"line":61,"column":44}},"line":61},"7":{"name":"(anonymous_7)","decl":{"start":{"line":70,"column":19},"end":{"line":70,"column":20}},"loc":{"start":{"line":70,"column":25},"end":{"line":70,"column":48}},"line":70}},"branchMap":{"0":{"loc":{"start":{"line":49,"column":7},"end":{"line":55,"column":8}},"type":"binary-expr","locations":[{"start":{"line":49,"column":7},"end":{"line":49,"column":23}},{"start":{"line":50,"column":9},"end":{"line":55,"column":8}}],"line":49},"1":{"loc":{"start":{"line":56,"column":7},"end":{"line":65,"column":9}},"type":"binary-expr","locations":[{"start":{"line":56,"column":7},"end":{"line":56,"column":23}},{"start":{"line":56,"column":27},"end":{"line":56,"column":56}},{"start":{"line":58,"column":8},"end":{"line":64,"column":17}}],"line":56},"2":{"loc":{"start":{"line":66,"column":7},"end":{"line":74,"column":7}},"type":"binary-expr","locations":[{"start":{"line":66,"column":7},"end":{"line":66,"column":23}},{"start":{"line":66,"column":27},"end":{"line":66,"column":46}},{"start":{"line":67,"column":8},"end":{"line":73,"column":17}}],"line":66}},"s":{"0":0,"1":0,"2":0,"3":0,"4":0,"5":0,"6":0,"7":0,"8":0,"9":0,"10":0,"11":0,"12":0,"13":0,"14":0,"15":0,"16":0,"17":0,"18":0,"19":0,"20":0},"f":{"0":0,"1":0,"2":0,"3":0,"4":0,"5":0,"6":0,"7":0},"b":{"0":[0,0],"1":[0,0,0],"2":[0,0,0]},"_coverageSchema":"1a1c01bbd47fc00a2c39e90264f33305004495a9","hash":"99598043e08608f11fdb940de73a88c9fd6d0ed7"}
,"/Users/thecoolzone/Documents/HackReactor/front-end-capstone/CatWalk/src/components/QA/QuestionsSection.jsx": {"path":"/Users/thecoolzone/Documents/HackReactor/front-end-capstone/CatWalk/src/components/QA/QuestionsSection.jsx","statementMap":{"0":{"start":{"line":18,"column":42},"end":{"line":18,"column":54}},"1":{"start":{"line":19,"column":52},"end":{"line":19,"column":63}},"2":{"start":{"line":20,"column":54},"end":{"line":20,"column":66}},"3":{"start":{"line":21,"column":52},"end":{"line":21,"column":64}},"4":{"start":{"line":22,"column":36},"end":{"line":22,"column":48}},"5":{"start":{"line":23,"column":48},"end":{"line":23,"column":63}},"6":{"start":{"line":24,"column":36},"end":{"line":24,"column":51}},"7":{"start":{"line":25,"column":17},"end":{"line":25,"column":28}},"8":{"start":{"line":26,"column":23},"end":{"line":26,"column":49}},"9":{"start":{"line":27,"column":20},"end":{"line":27,"column":44}},"10":{"start":{"line":29,"column":26},"end":{"line":43,"column":3}},"11":{"start":{"line":30,"column":20},"end":{"line":30,"column":22}},"12":{"start":{"line":31,"column":4},"end":{"line":35,"column":5}},"13":{"start":{"line":31,"column":17},"end":{"line":31,"column":18}},"14":{"start":{"line":32,"column":6},"end":{"line":34,"column":7}},"15":{"start":{"line":33,"column":8},"end":{"line":33,"column":38}},"16":{"start":{"line":36,"column":4},"end":{"line":42,"column":5}},"17":{"start":{"line":37,"column":6},"end":{"line":37,"column":36}},"18":{"start":{"line":38,"column":6},"end":{"line":38,"column":26}},"19":{"start":{"line":40,"column":6},"end":{"line":40,"column":31}},"20":{"start":{"line":41,"column":6},"end":{"line":41,"column":25}},"21":{"start":{"line":45,"column":28},"end":{"line":55,"column":3}},"22":{"start":{"line":46,"column":4},"end":{"line":46,"column":33}},"23":{"start":{"line":47,"column":4},"end":{"line":54,"column":5}},"24":{"start":{"line":48,"column":6},"end":{"line":48,"column":38}},"25":{"start":{"line":49,"column":6},"end":{"line":49,"column":31}},"26":{"start":{"line":51,"column":6},"end":{"line":51,"column":31}},"27":{"start":{"line":52,"column":6},"end":{"line":52,"column":32}},"28":{"start":{"line":53,"column":6},"end":{"line":53,"column":26}},"29":{"start":{"line":57,"column":22},"end":{"line":61,"column":3}},"30":{"start":{"line":58,"column":4},"end":{"line":60,"column":5}},"31":{"start":{"line":59,"column":6},"end":{"line":59,"column":31}},"32":{"start":{"line":63,"column":26},"end":{"line":76,"column":3}},"33":{"start":{"line":64,"column":22},"end":{"line":64,"column":24}},"34":{"start":{"line":65,"column":4},"end":{"line":65,"column":41}},"35":{"start":{"line":66,"column":4},"end":{"line":74,"column":5}},"36":{"start":{"line":66,"column":17},"end":{"line":66,"column":18}},"37":{"start":{"line":67,"column":6},"end":{"line":69,"column":7}},"38":{"start":{"line":68,"column":8},"end":{"line":68,"column":15}},"39":{"start":{"line":70,"column":6},"end":{"line":72,"column":7}},"40":{"start":{"line":71,"column":8},"end":{"line":71,"column":41}},"41":{"start":{"line":73,"column":6},"end":{"line":73,"column":39}},"42":{"start":{"line":75,"column":4},"end":{"line":75,"column":48}},"43":{"start":{"line":78,"column":2},"end":{"line":86,"column":9}},"44":{"start":{"line":79,"column":4},"end":{"line":85,"column":5}},"45":{"start":{"line":80,"column":18},"end":{"line":80,"column":77}},"46":{"start":{"line":81,"column":6},"end":{"line":81,"column":40}},"47":{"start":{"line":82,"column":6},"end":{"line":82,"column":58}},"48":{"start":{"line":84,"column":6},"end":{"line":84,"column":23}},"49":{"start":{"line":88,"column":2},"end":{"line":130,"column":4}},"50":{"start":{"line":106,"column":14},"end":{"line":110,"column":16}},"51":{"start":{"line":113,"column":14},"end":{"line":117,"column":16}},"52":{"start":{"line":122,"column":132},"end":{"line":122,"column":161}}},"fnMap":{"0":{"name":"QuestionsSection","decl":{"start":{"line":17,"column":24},"end":{"line":17,"column":40}},"loc":{"start":{"line":17,"column":58},"end":{"line":131,"column":1}},"line":17},"1":{"name":"(anonymous_1)","decl":{"start":{"line":29,"column":26},"end":{"line":29,"column":27}},"loc":{"start":{"line":29,"column":37},"end":{"line":43,"column":3}},"line":29},"2":{"name":"(anonymous_2)","decl":{"start":{"line":45,"column":28},"end":{"line":45,"column":29}},"loc":{"start":{"line":45,"column":35},"end":{"line":55,"column":3}},"line":45},"3":{"name":"(anonymous_3)","decl":{"start":{"line":57,"column":22},"end":{"line":57,"column":23}},"loc":{"start":{"line":57,"column":28},"end":{"line":61,"column":3}},"line":57},"4":{"name":"(anonymous_4)","decl":{"start":{"line":63,"column":26},"end":{"line":63,"column":27}},"loc":{"start":{"line":63,"column":45},"end":{"line":76,"column":3}},"line":63},"5":{"name":"(anonymous_5)","decl":{"start":{"line":78,"column":12},"end":{"line":78,"column":13}},"loc":{"start":{"line":78,"column":24},"end":{"line":86,"column":3}},"line":78},"6":{"name":"(anonymous_6)","decl":{"start":{"line":105,"column":37},"end":{"line":105,"column":38}},"loc":{"start":{"line":106,"column":14},"end":{"line":110,"column":16}},"line":106},"7":{"name":"(anonymous_7)","decl":{"start":{"line":112,"column":36},"end":{"line":112,"column":37}},"loc":{"start":{"line":113,"column":14},"end":{"line":117,"column":16}},"line":113},"8":{"name":"(anonymous_8)","decl":{"start":{"line":122,"column":126},"end":{"line":122,"column":127}},"loc":{"start":{"line":122,"column":132},"end":{"line":122,"column":161}},"line":122}},"branchMap":{"0":{"loc":{"start":{"line":32,"column":6},"end":{"line":34,"column":7}},"type":"if","locations":[{"start":{"line":32,"column":6},"end":{"line":34,"column":7}},{"start":{"line":32,"column":6},"end":{"line":34,"column":7}}],"line":32},"1":{"loc":{"start":{"line":36,"column":4},"end":{"line":42,"column":5}},"type":"if","locations":[{"start":{"line":36,"column":4},"end":{"line":42,"column":5}},{"start":{"line":36,"column":4},"end":{"line":42,"column":5}}],"line":36},"2":{"loc":{"start":{"line":47,"column":4},"end":{"line":54,"column":5}},"type":"if","locations":[{"start":{"line":47,"column":4},"end":{"line":54,"column":5}},{"start":{"line":47,"column":4},"end":{"line":54,"column":5}}],"line":47},"3":{"loc":{"start":{"line":58,"column":4},"end":{"line":60,"column":5}},"type":"if","locations":[{"start":{"line":58,"column":4},"end":{"line":60,"column":5}},{"start":{"line":58,"column":4},"end":{"line":60,"column":5}}],"line":58},"4":{"loc":{"start":{"line":67,"column":6},"end":{"line":69,"column":7}},"type":"if","locations":[{"start":{"line":67,"column":6},"end":{"line":69,"column":7}},{"start":{"line":67,"column":6},"end":{"line":69,"column":7}}],"line":67},"5":{"loc":{"start":{"line":70,"column":6},"end":{"line":72,"column":7}},"type":"if","locations":[{"start":{"line":70,"column":6},"end":{"line":72,"column":7}},{"start":{"line":70,"column":6},"end":{"line":72,"column":7}}],"line":70},"6":{"loc":{"start":{"line":96,"column":11},"end":{"line":103,"column":18}},"type":"cond-expr","locations":[{"start":{"line":98,"column":14},"end":{"line":101,"column":20}},{"start":{"line":103,"column":14},"end":{"line":103,"column":18}}],"line":96},"7":{"loc":{"start":{"line":104,"column":11},"end":{"line":118,"column":14}},"type":"cond-expr","locations":[{"start":{"line":105,"column":14},"end":{"line":111,"column":14}},{"start":{"line":112,"column":14},"end":{"line":118,"column":14}}],"line":104},"8":{"loc":{"start":{"line":104,"column":11},"end":{"line":104,"column":61}},"type":"binary-expr","locations":[{"start":{"line":104,"column":11},"end":{"line":104,"column":29}},{"start":{"line":104,"column":33},"end":{"line":104,"column":61}}],"line":104},"9":{"loc":{"start":{"line":119,"column":11},"end":{"line":124,"column":13}},"type":"cond-expr","locations":[{"start":{"line":120,"column":14},"end":{"line":120,"column":18}},{"start":{"line":121,"column":14},"end":{"line":124,"column":13}}],"line":119},"10":{"loc":{"start":{"line":121,"column":15},"end":{"line":123,"column":20}},"type":"cond-expr","locations":[{"start":{"line":122,"column":16},"end":{"line":122,"column":188}},{"start":{"line":123,"column":16},"end":{"line":123,"column":20}}],"line":121}},"s":{"0":2,"1":2,"2":2,"3":2,"4":2,"5":2,"6":2,"7":2,"8":0,"9":0,"10":0,"11":0,"12":0,"13":0,"14":0,"15":0,"16":0,"17":0,"18":0,"19":0,"20":0,"21":0,"22":0,"23":0,"24":0,"25":0,"26":0,"27":0,"28":0,"29":0,"30":0,"31":0,"32":0,"33":0,"34":0,"35":0,"36":0,"37":0,"38":0,"39":0,"40":0,"41":0,"42":0,"43":0,"44":0,"45":0,"46":0,"47":0,"48":0,"49":0,"5
[...]
}},"28":{"start":{"line":53,"column":6},"end":{"line":53,"column":65}},"29":{"start":{"line":55,"column":6},"end":{"line":55,"column":46}},"30":{"start":{"line":57,"column":28},"end":{"line":57,"column":136}},"31":{"start":{"line":57,"column":87},"end":{"line":57,"column":125}},"32":{"start":{"line":58,"column":4},"end":{"line":58,"column":40}},"33":{"start":{"line":59,"column":4},"end":{"line":59,"column":31}},"34":{"start":{"line":60,"column":4},"end":{"line":60,"column":71}},"35":{"start":{"line":63,"column":20},"end":{"line":66,"column":3}},"36":{"start":{"line":64,"column":4},"end":{"line":64,"column":25}},"37":{"start":{"line":65,"column":4},"end":{"line":65,"column":59}},"38":{"start":{"line":68,"column":2},"end":{"line":113,"column":4}},"39":{"start":{"line":76,"column":14},"end":{"line":76,"column":112}},"40":{"start":{"line":86,"column":147},"end":{"line":86,"column":173}},"41":{"start":{"line":96,"column":16},"end":{"line":96,"column":69}},"42":{"start":{"line":104,"column":104},"end":{"line":104,"column":121}}},"fnMap":{"0":{"name":"ReviewsSection","decl":{"start":{"line":13,"column":24},"end":{"line":13,"column":38}},"loc":{"start":{"line":13,"column":75},"end":{"line":114,"column":1}},"line":13},"1":{"name":"(anonymous_1)","decl":{"start":{"line":23,"column":12},"end":{"line":23,"column":13}},"loc":{"start":{"line":23,"column":24},"end":{"line":31,"column":3}},"line":23},"2":{"name":"(anonymous_2)","decl":{"start":{"line":33,"column":26},"end":{"line":33,"column":27}},"loc":{"start":{"line":33,"column":32},"end":{"line":37,"column":3}},"line":33},"3":{"name":"(anonymous_3)","decl":{"start":{"line":39,"column":21},"end":{"line":39,"column":22}},"loc":{"start":{"line":39,"column":39},"end":{"line":48,"column":3}},"line":39},"4":{"name":"(anonymous_4)","decl":{"start":{"line":50,"column":23},"end":{"line":50,"column":24}},"loc":{"start":{"line":50,"column":37},"end":{"line":61,"column":3}},"line":50},"5":{"name":"(anonymous_5)","decl":{"start":{"line":57,"column":75},"end":{"line":57,"column":76}},"loc":{"start":{"line":57,"column":87},"end":{"line":57,"column":125}},"line":57},"6":{"name":"(anonymous_6)","decl":{"start":{"line":63,"column":20},"end":{"line":63,"column":21}},"loc":{"start":{"line":63,"column":26},"end":{"line":66,"column":3}},"line":63},"7":{"name":"(anonymous_7)","decl":{"start":{"line":75,"column":57},"end":{"line":75,"column":58}},"loc":{"start":{"line":76,"column":14},"end":{"line":76,"column":112}},"line":76},"8":{"name":"(anonymous_8)","decl":{"start":{"line":86,"column":140},"end":{"line":86,"column":141}},"loc":{"start":{"line":86,"column":147},"end":{"line":86,"column":173}},"line":86},"9":{"name":"(anonymous_9)","decl":{"start":{"line":95,"column":37},"end":{"line":95,"column":38}},"loc":{"start":{"line":96,"column":16},"end":{"line":96,"column":69}},"line":96},"10":{"name":"(anonymous_10)","decl":{"start":{"line":104,"column":98},"end":{"line":104,"column":99}},"loc":{"start":{"line":104,"column":104},"end":{"line":104,"column":121}},"line":104}},"branchMap":{"0":{"loc":{"start":{"line":52,"column":4},"end":{"line":56,"column":5}},"type":"if","locations":[{"start":{"line":52,"column":4},"end":{"line":56,"column":5}},{"start":{"line":52,"column":4},"end":{"line":56,"column":5}}],"line":52},"1":{"loc":{"start":{"line":57,"column":28},"end":{"line":57,"column":136}},"type":"cond-expr","locations":[{"start":{"line":57,"column":52},"end":{"line":57,"column":126}},{"start":{"line":57,"column":129},"end":{"line":57,"column":136}}],"line":57},"2":{"loc":{"start":{"line":74,"column":11},"end":{"line":77,"column":15}},"type":"binary-expr","locations":[{"start":{"line":74,"column":11},"end":{"line":74,"column":38}},{"start":{"line":75,"column":12},"end":{"line":77,"column":14}}],"line":74},"3":{"loc":{"start":{"line":94,"column":13},"end":{"line":97,"column":16}},"type":"binary-expr","locations":[{"start":{"line":94,"column":13},"end":{"line":94,"column":20}},{"start":{"line":95,"column":17},"end":{"line":97,"column":16}}],"line":94},"4":{"loc":{"start":{"line":103,"column":13},"end":{"line":105,"column":13}},"type":"binary-expr","locations":[{"start":{"line":103,"column":13},"end":{"line":103,"column":28}},{"start":{"line":103,"column":32},"end":{"line":103,"column":60}},{"start":{"line":104,"column":14},"end":{"line":104,"column":144}}],"line":103}},"s":{"0":0,"1":0,"2":0,"3":0,"4":0,"5":0,"6":0,"7":0,"8":0,"9":0,"10":0,"11":0,"12":0,"13":0,"14":0,"15":0,"16":0,"17":0,"18":0,"19":0,"20":0,"21":0,"22":0,"23":0,"24":0,"25":0,"26":0,"27":0,"28":0,"29":0,"30":0,"31":0,"32":0,"33":0,"34":0,"35":0,"36":0,"37":0,"38":0,"39":0,"40":0,"41":0,"42":0},"f":{"0":0,"1":0,"2":0,"3":0,"4":0,"5":0,"6":0,"7":0,"8":0,"9":0,"10":0},"b":{"0":[0,0],"1":[0,0],"2":[0,0],"3":[0,0],"4":[0,0,0]},"_coverageSchema":"1a1c01bbd47fc00a2c39e90264f33305004495a9","hash":"661893abb775384d8db9b7a0ff3f2c2e2b0ed589"}
,"/Users/thecoolzone/Documents/HackReactor/front-end-capstone/CatWalk/src/components/Reviews/sharedConstants.js": {"path":"/Users/thecoolzone/Documents/HackReactor/front-end-capstone/CatWalk/src/components/Reviews/sharedConstants.js","statementMap":{"0":{"start":{"line":1,"column":36},"end":{"line":20,"column":1}}},"fnMap":{},"branchMap":{},"s":{"0":2},"f":{},"b":{},"_coverageSchema":"1a1c01bbd47fc00a2c39e90264f33305004495a9","hash":"f84f86dc95b28632fee484ed89c2274f7ee1b9a6"}
,"/Users/thecoolzone/Documents/HackReactor/front-end-capstone/CatWalk/src/helperFunctions/averageReviewScore.js": {"path":"/Users/thecoolzone/Documents/HackReactor/front-end-capstone/CatWalk/src/helperFunctions/averageReviewScore.js","statementMap":{"0":{"start":{"line":2,"column":19},"end":{"line":2,"column":20}},"1":{"start":{"line":3,"column":19},"end":{"line":3,"column":20}},"2":{"start":{"line":5,"column":2},"end":{"line":8,"column":5}},"3":{"start":{"line":6,"column":4},"end":{"line":6,"column":56}},"4":{"start":{"line":7,"column":4},"end":{"line":7,"column":40}},"5":{"start":{"line":10,"column":19},"end":{"line":10,"column":42}},"6":{"start":{"line":11,"column":2},"end":{"line":11,"column":53}}},"fnMap":{"0":{"name":"averageReviewScore","decl":{"start":{"line":1,"column":24},"end":{"line":1,"column":42}},"loc":{"start":{"line":1,"column":51},"end":{"line":12,"column":1}},"line":1},"1":{"name":"(anonymous_1)","decl":{"start":{"line":5,"column":30},"end":{"line":5,"column":31}},"loc":{"start":{"line":5,"column":41},"end":{"line":8,"column":3}},"line":5}},"branchMap":{"0":{"loc":{"start":{"line":11,"column":9},"end":{"line":11,"column":52}},"type":"cond-expr","locations":[{"start":{"line":11,"column":22},"end":{"line":11,"column":48}},{"start":{"line":11,"column":51},"end":{"line":11,"column":52}}],"line":11}},"s":{"0":4,"1":4,"2":4,"3":15,"4":15,"5":4,"6":4},"f":{"0":4,"1":15},"b":{"0":[3,1]},"_coverageSchema":"1a1c01bbd47fc00a2c39e90264f33305004495a9","hash":"d2c89e91bd83f8b3ccfeecf1d5e30914d2d80a78"}
,"/Users/thecoolzone/Documents/HackReactor/front-end-capstone/CatWalk/src/helperFunctions/buildStars.js": {"path":"/Users/thecoolzone/Documents/HackReactor/front-end-capstone/CatWalk/src/helperFunctions/buildStars.js","statementMap":{"0":{"start":{"line":1,"column":19},"end":{"line":11,"column":1}},"1":{"start":{"line":2,"column":16},"end":{"line":2,"column":17}},"2":{"start":{"line":3,"column":16},"end":{"line":3,"column":18}},"3":{"start":{"line":4,"column":2},"end":{"line":6,"column":3}},"4":{"start":{"line":4,"column":15},"end":{"line":4,"column":16}},"5":{"start":{"line":5,"column":4},"end":{"line":5,"column":21}},"6":{"start":{"line":7,"column":2},"end":{"line":9,"column":3}},"7":{"start":{"line":7,"column":15},"end":{"line":7,"column":16}},"8":{"start":{"line":8,"column":4},"end":{"line":8,"column":22}},"9":{"start":{"line":10,"column":2},"end":{"line":10,"column":15}}},"fnMap":{"0":{"name":"(anonymous_0)","decl":{"start":{"line":1,"column":19},"end":{"line":1,"column":20}},"loc":{"start":{"line":1,"column":31},"end":{"line":11,"column":1}},"line":1}},"branchMap":{},"s":{"0":3,"1":2,"2":2,"3":2,"4":2,"5":3,"6":2,"7":2,"8":7,"9":2},"f":{"0":2},"b":{},"_coverageSchema":"1a1c01bbd47fc00a2c39e90264f33305004495a9","hash":"8d1959d32c2bc03a27767a71172c44caf1e2dfd8"}
,"/Users/thecoolzone/Documents/HackReactor/front-end-capstone/CatWalk/src/helperFunctions/convertDate.js": {"path":"/Users/thecoolzone/Documents/HackReactor/front-end-capstone/CatWalk/src/helperFunctions/convertDate.js","statementMap":{"0":{"start":{"line":4,"column":20},"end":{"line":4,"column":48}},"1":{"start":{"line":5,"column":17},"end":{"line":5,"column":67}},"2":{"start":{"line":7,"column":2},"end":{"line":7,"column":41}}},"fnMap":{"0":{"name":"convertDate","decl":{"start":{"line":3,"column":24},"end":{"line":3,"column":35}},"loc":{"start":{"line":3,"column":42},"end":{"line":8,"column":1}},"line":3}},"branchMap":{},"s":{"0":0,"1":0,"2":0},"f":{"0":0},"b":{},"_coverageSchema":"1a1c01bbd47fc00a2c39e90264f33305004495a9","hash":"f8951f8acac006b536d941e6ec22b7bcc85939d9"}
,"/Users/thecoolzone/Documents/HackReactor/front-end-capstone/CatWalk/src/helperFunctions/getRecommendPercent.js": {"path":"/Users/thecoolzone/Documents/HackReactor/front-end-capstone/CatWalk/src/helperFunctions/getRecommendPercent.js","statementMap":{"0":{"start":{"line":3,"column":2},"end":{"line":3,"column":108}}},"fnMap":{"0":{"name":"getRecommendPercent","decl":{"start":{"line":2,"column":24},"end":{"line":2,"column":43}},"loc":{"start":{"line":2,"column":72},"end":{"line":4,"column":1}},"line":2}},"branchMap":{"0":{"loc":{"start":{"line":3,"column":9},"end":{"line":3,"column":107}},"type":"cond-expr","locations":[{"start":{"line":3,"column":40},"end":{"line":3,"column":103}},{"start":{"line":3,"column":106},"end":{"line":3,"column":107}}],"line":3},"1":{"loc":{"start":{"line":3,"column":9},"end":{"line":3,"column":37}},"type":"binary-expr","locations":[{"start":{"line":3,"column":9},"end":{"line":3,"column":23}},{"start":{"line":3,"column":27},"end":{"line":3,"column":37}}],"line":3}},"s":{"0":2},"f":{"0":2},"b":{"0":[1,1],"1":[2,1]},"_coverageSchema":"1a1c01bbd47fc00a2c39e90264f33305004495a9","hash":"502da8617658aaac22b829b15c896d4e37bd6bbe"}
,"/Users/thecoolzone/Documents/HackReactor/front-end-capstone/CatWalk/src/helperFunctions/getReviewCount.js": {"path":"/Users/thecoolzone/Documents/HackReactor/front-end-capstone/CatWalk/src/helperFunctions/getReviewCount.js","statementMap":{"0":{"start":{"line":2,"column":2},"end":{"line":2,"column":97}},"1":{"start":{"line":2,"column":67},"end":{"line":2,"column":88}}},"fnMap":{"0":{"name":"getReviewCount","decl":{"start":{"line":1,"column":24},"end":{"line":1,"column":38}},"loc":{"start":{"line":1,"column":48},"end":{"line":3,"column":1}},"line":1},"1":{"name":"(anonymous_1)","decl":{"start":{"line":2,"column":49},"end":{"line":2,"column":50}},"loc":{"start":{"line":2,"column":67},"end":{"line":2,"column":88}},"line":2}},"branchMap":{"0":{"loc":{"start":{"line":2,"column":9},"end":{"line":2,"column":96}},"type":"cond-expr","locations":[{"start":{"line":2,"column":19},"end":{"line":2,"column":92}},{"start":{"line":2,"column":95},"end":{"line":2,"column":96}}],"line":2}},"s":{"0":3,"1":9},"f":{"0":3,"1":9},"b":{"0":[2,1]},"_coverageSchema":"1a1c01bbd47fc00a2c39e90264f33305004495a9","hash":"fda3ffeae21b4fea49e691cad2dc4ea591411a7e"}
,"/Users/thecoolzone/Documents/HackReactor/front-end-capstone/CatWalk/src/helperFunctions/makeAverageStars.js": {"path":"/Users/thecoolzone/Documents/HackReactor/front-end-capstone/CatWalk/src/helperFunctions/makeAverageStars.js","statementMap":{"0":{"start":{"line":2,"column":22},"end":{"line":2,"column":40}},"1":{"start":{"line":3,"column":21},"end":{"line":3,"column":58}},"2":{"start":{"line":4,"column":17},"end":{"line":4,"column":19}},"3":{"start":{"line":5,"column":2},"end":{"line":21,"column":3}},"4":{"start":{"line":6,"column":4},"end":{"line":8,"column":5}},"5":{"start":{"line":6,"column":17},"end":{"line":6,"column":18}},"6":{"start":{"line":7,"column":6},"end":{"line":7,"column":21}},"7":{"start":{"line":9,"column":4},"end":{"line":11,"column":5}},"8":{"start":{"line":9,"column":17},"end":{"line":9,"column":18}},"9":{"start":{"line":10,"column":6},"end":{"line":10,"column":21}},"10":{"start":{"line":13,"column":4},"end":{"line":13,"column":24}},"11":{"start":{"line":14,"column":4},"end":{"line":16,"column":5}},"12":{"start":{"line":14,"column":17},"end":{"line":14,"column":18}},"13":{"start":{"line":15,"column":6},"end":{"line":15,"column":21}},"14":{"start":{"line":17,"column":4},"end":{"line":17,"column":19}},"15":{"start":{"line":18,"column":4},"end":{"line":20,"column":5}},"16":{"start":{"line":18,"column":17},"end":{"line":18,"column":18}},"17":{"start":{"line":19,"column":6},"end":{"line":19,"column":21}},"18":{"start":{"line":23,"column":2},"end":{"line":23,"column":16}}},"fnMap":{"0":{"name":"makeAverageStars","decl":{"start":{"line":1,"column":24},"end":{"line":1,"column":40}},"loc":{"start":{"line":1,"column":48},"end":{"line":24,"column":1}},"line":1}},"branchMap":{"0":{"loc":{"start":{"line":3,"column":21},"end":{"line":3,"column":58}},"type":"cond-expr","locations":[{"start":{"line":3,"column":29},"end":{"line":3,"column":54}},{"start":{"line":3,"column":57},"end":{"line":3,"column":58}}],"line":3},"1":{"loc":{"start":{"line":5,"column":2},"end":{"line":21,"column":3}},"type":"if","locations":[{"start":{"line":5,"column":2},"end":{"line":21,"column":3}},{"start":{"line":5,"column":2},"end":{"line":21,"column":3}}],"line":5}},"s":{"0":8,"1":8,"2":8,"3":8,"4":7,"5":7,"6":15,"7":7,"8":7,"9":20,"10":1,"11":1,"12":1,"13":3,"14":1,"15":1,"16":1,"17":1,"18":8},"f":{"0":8},"b":{"0":[5,3],"1":[7,1]},"_coverageSchema":"1a1c01bbd47fc00a2c39e90264f33305004495a9","hash":"98fbaac02b7e52aaa5b45a7afdd9cdd5aa66c659"}
,"/Users/thecoolzone/Documents/HackReactor/front-end-capstone/CatWalk/src/shared-components/Modal.jsx": {"path":"/Users/thecoolzone/Documents/HackReactor/front-end-capstone/CatWalk/src/shared-components/Modal.jsx","statementMap":{"0":{"start":{"line":4,"column":21},"end":{"line":4,"column":58}},"1":{"start":{"line":7,"column":30},"end":{"line":7,"column":53}},"2":{"start":{"line":9,"column":16},"end":{"line":9,"column":55}},"3":{"start":{"line":9,"column":34},"end":{"line":9,"column":50}},"4":{"start":{"line":11,"column":2},"end":{"line":14,"column":15}},"5":{"start":{"line":11,"column":34},"end":{"line":14,"column":3}},"6":{"start":{"line":12,"column":16},"end":{"line":12,"column":31}},"7":{"start":{"line":13,"column":17},"end":{"line":13,"column":33}},"8":{"start":{"line":16,"column":23},"end":{"line":20,"column":13}},"9":{"start":{"line":17,"column":4},"end":{"line":19,"column":5}},"10":{"start":{"line":18,"column":6},"end":{"line":18,"column":23}},"11":{"start":{"line":22,"column":2},"end":{"line":29,"column":29}},"12":{"start":{"line":23,"column":4},"end":{"line":25,"column":5}},"13":{"start":{"line":24,"column":6},"end":{"line":24,"column":64}},"14":{"start":{"line":26,"column":4},"end":{"line":28,"column":5}},"15":{"start":{"line":27,"column":6},"end":{"line":27,"column":67}},"16":{"start":{"line":31,"column":2},"end":{"line":40,"column":4}}},"fnMap":{"0":{"name":"Modal","decl":{"start":{"line":6,"column":16},"end":{"line":6,"column":21}},"loc":{"start":{"line":6,"column":78},"end":{"line":41,"column":1}},"line":6},"1":{"name":"(anonymous_1)","decl":{"start":{"line":9,"column":28},"end":{"line":9,"column":29}},"loc":{"start":{"line":9,"column":34},"end":{"line":9,"column":50}},"line":9},"2":{"name":"(anonymous_2)","decl":{"start":{"line":11,"column":27},"end":{"line":11,"column":28}},"loc":{"start":{"line":11,"column":34},"end":{"line":14,"column":3}},"line":11},"3":{"name":"(anonymous_3)","decl":{"start":{"line":12,"column":10},"end":{"line":12,"column":11}},"loc":{"start":{"line":12,"column":16},"end":{"line":12,"column":31}},"line":12},"4":{"name":"(anonymous_4)","decl":{"start":{"line":13,"column":11},"end":{"line":13,"column":12}},"loc":{"start":{"line":13,"column":17},"end":{"line":13,"column":33}},"line":13},"5":{"name":"(anonymous_5)","decl":{"start":{"line":16,"column":35},"end":{"line":16,"column":36}},"loc":{"start":{"line":16,"column":46},"end":{"line":20,"column":3}},"line":16},"6":{"name":"(anonymous_6)","decl":{"start":{"line":22,"column":12},"end":{"line":22,"column":13}},"loc":{"start":{"line":22,"column":18},"end":{"line":29,"column":3}},"line":22},"7":{"name":"(anonymous_7)","decl":{"start":{"line":26,"column":11},"end":{"line":26,"column":12}},"loc":{"start":{"line":26,"column":17},"end":{"line":28,"column":5}},"line":26}},"branchMap":{"0":{"loc":{"start":{"line":6,"column":34},"end":{"line":6,"column":46}},"type":"default-arg","locations":[{"start":{"line":6,"column":41},"end":{"line":6,"column":46}}],"line":6},"1":{"loc":{"start":{"line":6,"column":48},"end":{"line":6,"column":69}},"type":"default-arg","locations":[{"start":{"line":6,"column":64},"end":{"line":6,"column":69}}],"line":6},"2":{"loc":{"start":{"line":17,"column":4},"end":{"line":19,"column":5}},"type":"if","locations":[{"start":{"line":17,"column":4},"end":{"line":19,"column":5}},{"start":{"line":17,"column":4},"end":{"line":19,"column":5}}],"line":17},"3":{"loc":{"start":{"line":23,"column":4},"end":{"line":25,"column":5}},"type":"if","locations":[{"start":{"line":23,"column":4},"end":{"line":25,"column":5}},{"start":{"line":23,"column":4},"end":{"line":25,"column":5}}],"line":23},"4":{"loc":{"start":{"line":32,"column":4},"end":{"line":38,"column":12}},"type":"cond-expr","locations":[{"start":{"line":33,"column":6},"end":{"line":37,"column":12}},{"start":{"line":38,"column":8},"end":{"line":38,"column":12}}],"line":32},"5":{"loc":{"start":{"line":33,"column":31},"end":{"line":33,"column":55}},"type":"cond-expr","locations":[{"start":{"line":33,"column":38},"end":{"line":33,"column":50}},{"start":{"line":33,"column":53},"end":{"line":33,"column":55}}],"line":33}},"s":{"0":2,"1":0,"2":0,"3":0,"4":0,"5":0,"6":0,"7":0,"8":0,"9":0,"10":0,"11":0,"12":0,"13":0,"14":0,"15":0,"16":0},"f":{"0":0,"1":0,"2":0,"3":0,"4":0,"5":0,"6":0,"7":0},"b":{"0":[0],"1":[0],"2":[0,0],"3":[0,0],"4":[0,0],"5":[0,0]},"_coverageSchema":"1a1c01bbd47fc00a2c39e90264f33305004495a9","hash":"21b87777b1deeb88b11c0c96a2b05a9ddb4a7c86"}
,"/Users/thecoolzone/Documents/HackReactor/front-end-capstone/CatWalk/src/testing/dummy-data.js": {"path":"/Users/thecoolzone/Documents/HackReactor/front-end-capstone/CatWalk/src/testing/dummy-data.js","statementMap":{"0":{"start":{"line":1,"column":13},"end":{"line":93,"column":1}}},"fnMap":{},"branchMap":{},"s":{"0":1},"f":{},"b":{},"_coverageSchema":"1a1c01bbd47fc00a2c39e90264f33305004495a9","hash":"28ef4254f67e9afe2eb7ab04db55681c65b6a8fa"}
,"/Users/thecoolzone/Documents/HackReactor/front-end-capstone/CatWalk/src/testing/QuestionsAnswers/question-data.js": {"path":"/Users/thecoolzone/Documents/HackReactor/front-end-capstone/CatWalk/src/testing/QuestionsAnswers/question-data.js","statementMap":{"0":{"start":{"line":1,"column":13},"end":{"line":51,"column":1}}},"fnMap":{},"branchMap":{},"s":{"0":1},"f":{},"b":{},"_coverageSchema":"1a1c01bbd47fc00a2c39e90264f33305004495a9","hash":"74ab62dfcfc4a81f5da9afdb25643596d2315b9e"}
,"/Users/thecoolzone/Documents/HackReactor/front-end-capstone/CatWalk/src/testing/QuestionsAnswers/validateEmail.js": {"path":"/Users/thecoolzone/Documents/HackReactor/front-end-capstone/CatWalk/src/testing/QuestionsAnswers/validateEmail.js","statementMap":{"0":{"start":{"line":1,"column":22},"end":{"line":4,"column":1}},"1":{"start":{"line":2,"column":13},"end":{"line":2,"column":164}},"2":{"start":{"line":3,"column":2},"end":{"line":3,"column":46}}},"fnMap":{"0":{"name":"(anonymous_0)","decl":{"start":{"line":1,"column":22},"end":{"line":1,"column":23}},"loc":{"start":{"line":1,"column":33},"end":{"line":4,"column":1}},"line":1}},"branchMap":{},"s":{"0":1,"1":3,"2":3},"f":{"0":3},"b":{},"_coverageSchema":"1a1c01bbd47fc00a2c39e90264f33305004495a9","hash":"8f89477b30e19ed2b2a160386430d3d56539cc36"}
}
