{"/home/emmi/hr/w7/CatWalk/src/components/Overview/addButton.jsx": {"path":"/home/emmi/hr/w7/CatWalk/src/components/Overview/addButton.jsx","statementMap":{"0":{"start":{"line":7,"column":2},"end":{"line":9,"column":151}}},"fnMap":{"0":{"name":"AddButton","decl":{"start":{"line":5,"column":9},"end":{"line":5,"column":18}},"loc":{"start":{"line":5,"column":52},"end":{"line":11,"column":1}},"line":5}},"branchMap":{},"s":{"0":2},"f":{"0":2},"b":{},"_coverageSchema":"1a1c01bbd47fc00a2c39e90264f33305004495a9","hash":"8b10f9ceb574f3fe614067c73f211ba339d4952e"}
,"/home/emmi/hr/w7/CatWalk/src/components/Overview/price.jsx": {"path":"/home/emmi/hr/w7/CatWalk/src/components/Overview/price.jsx","statementMap":{"0":{"start":{"line":6,"column":2},"end":{"line":16,"column":3}}},"fnMap":{"0":{"name":"Price","decl":{"start":{"line":4,"column":9},"end":{"line":4,"column":14}},"loc":{"start":{"line":4,"column":31},"end":{"line":17,"column":1}},"line":4}},"branchMap":{"0":{"loc":{"start":{"line":8,"column":7},"end":{"line":9,"column":92}},"type":"binary-expr","locations":[{"start":{"line":8,"column":7},"end":{"line":8,"column":31}},{"start":{"line":9,"column":8},"end":{"line":9,"column":92}}],"line":8},"1":{"loc":{"start":{"line":10,"column":7},"end":{"line":14,"column":14}},"type":"binary-expr","locations":[{"start":{"line":10,"column":7},"end":{"line":10,"column":30}},{"start":{"line":11,"column":8},"end":{"line":14,"column":14}}],"line":10}},"s":{"0":4},"f":{"0":4},"b":{"0":[4,0],"1":[4,4]},"_coverageSchema":"1a1c01bbd47fc00a2c39e90264f33305004495a9","hash":"5462b7a5c4769d1f303a36831c24e7911f102577"}
,"/home/emmi/hr/w7/CatWalk/src/components/Overview/productInfo.jsx": {"path":"/home/emmi/hr/w7/CatWalk/src/components/Overview/productInfo.jsx","statementMap":{"0":{"start":{"line":9,"column":16},"end":{"line":9,"column":45}},"1":{"start":{"line":11,"column":2},"end":{"line":36,"column":3}},"2":{"start":{"line":17,"column":14},"end":{"line":19,"column":15}},"3":{"start":{"line":18,"column":16},"end":{"line":18,"column":57}},"4":{"start":{"line":19,"column":16},"end":{"line":21,"column":15}},"5":{"start":{"line":20,"column":16},"end":{"line":20,"column":53}},"6":{"start":{"line":22,"column":14},"end":{"line":22,"column":58}},"7":{"start":{"line":25,"column":14},"end":{"line":25,"column":80}}},"fnMap":{"0":{"name":"ProductInfo","decl":{"start":{"line":7,"column":9},"end":{"line":7,"column":20}},"loc":{"start":{"line":7,"column":61},"end":{"line":37,"column":1}},"line":7},"1":{"name":"(anonymous_1)","decl":{"start":{"line":16,"column":23},"end":{"line":16,"column":24}},"loc":{"start":{"line":16,"column":33},"end":{"line":23,"column":13}},"line":16},"2":{"name":"(anonymous_2)","decl":{"start":{"line":24,"column":46},"end":{"line":24,"column":47}},"loc":{"start":{"line":24,"column":52},"end":{"line":26,"column":13}},"line":24}},"branchMap":{"0":{"loc":{"start":{"line":13,"column":7},"end":{"line":29,"column":14}},"type":"cond-expr","locations":[{"start":{"line":14,"column":10},"end":{"line":28,"column":14}},{"start":{"line":29,"column":10},"end":{"line":29,"column":14}}],"line":13},"1":{"loc":{"start":{"line":17,"column":14},"end":{"line":19,"column":15}},"type":"if","locations":[{"start":{"line":17,"column":14},"end":{"line":19,"column":15}},{"start":{"line":17,"column":14},"end":{"line":19,"column":15}}],"line":17},"2":{"loc":{"start":{"line":19,"column":16},"end":{"line":21,"column":15}},"type":"if","locations":[{"start":{"line":19,"column":16},"end":{"line":21,"column":15}},{"start":{"line":19,"column":16},"end":{"line":21,"column":15}}],"line":19},"3":{"loc":{"start":{"line":31,"column":26},"end":{"line":32,"column":41}},"type":"binary-expr","locations":[{"start":{"line":31,"column":26},"end":{"line":31,"column":42}},{"start":{"line":32,"column":11},"end":{"line":32,"column":41}}],"line":31}},"s":{"0":4,"1":4,"2":15,"3":4,"4":11,"5":11,"6":0,"7":0},"f":{"0":4,"1":15,"2":0},"b":{"0":[3,1],"1":[4,11],"2":[11,0],"3":[4,4]},"_coverageSchema":"1a1c01bbd47fc00a2c39e90264f33305004495a9","hash":"74490beef29df8b6c01006362241666627fad886"}
,"/home/emmi/hr/w7/CatWalk/src/helperFunctions/makeAverageStars.js": {"path":"/home/emmi/hr/w7/CatWalk/src/helperFunctions/makeAverageStars.js","statementMap":{"0":{"start":{"line":2,"column":22},"end":{"line":2,"column":40}},"1":{"start":{"line":3,"column":21},"end":{"line":3,"column":58}},"2":{"start":{"line":4,"column":17},"end":{"line":4,"column":19}},"3":{"start":{"line":5,"column":2},"end":{"line":21,"column":3}},"4":{"start":{"line":6,"column":4},"end":{"line":8,"column":5}},"5":{"start":{"line":6,"column":17},"end":{"line":6,"column":18}},"6":{"start":{"line":7,"column":6},"end":{"line":7,"column":21}},"7":{"start":{"line":9,"column":4},"end":{"line":11,"column":5}},"8":{"start":{"line":9,"column":17},"end":{"line":9,"column":18}},"9":{"start":{"line":10,"column":6},"end":{"line":10,"column":21}},"10":{"start":{"line":13,"column":4},"end":{"line":13,"column":24}},"11":{"start":{"line":14,"column":4},"end":{"line":16,"column":5}},"12":{"start":{"line":14,"column":17},"end":{"line":14,"column":18}},"13":{"start":{"line":15,"column":6},"end":{"line":15,"column":21}},"14":{"start":{"line":17,"column":4},"end":{"line":17,"column":19}},"15":{"start":{"line":18,"column":4},"end":{"line":20,"column":5}},"16":{"start":{"line":18,"column":17},"end":{"line":18,"column":18}},"17":{"start":{"line":19,"column":6},"end":{"line":19,"column":21}},"18":{"start":{"line":23,"column":2},"end":{"line":23,"column":16}}},"fnMap":{"0":{"name":"makeAverageStars","decl":{"start":{"line":1,"column":24},"end":{"line":1,"column":40}},"loc":{"start":{"line":1,"column":48},"end":{"line":24,"column":1}},"line":1}},"branchMap":{"0":{"loc":{"start":{"line":3,"column":21},"end":{"line":3,"column":58}},"type":"cond-expr","locations":[{"start":{"line":3,"column":29},"end":{"line":3,"column":54}},{"start":{"line":3,"column":57},"end":{"line":3,"column":58}}],"line":3},"1":{"loc":{"start":{"line":5,"column":2},"end":{"line":21,"column":3}},"type":"if","locations":[{"start":{"line":5,"column":2},"end":{"line":21,"column":3}},{"start":{"line":5,"column":2},"end":{"line":21,"column":3}}],"line":5}},"s":{"0":4,"1":4,"2":4,"3":4,"4":4,"5":4,"6":11,"7":4,"8":4,"9":9,"10":0,"11":0,"12":0,"13":0,"14":0,"15":0,"16":0,"17":0,"18":4},"f":{"0":4},"b":{"0":[3,1],"1":[4,0]},"_coverageSchema":"1a1c01bbd47fc00a2c39e90264f33305004495a9","hash":"aa969a94812df5ab7356fd0ceea5e510f7153369"}
}
