TN:
SF:src/components/Overview/thumbnails.jsx
FN:7,Thumbnails
FN:12,(anonymous_1)
FN:14,(anonymous_2)
FN:39,(anonymous_3)
FN:55,UpButton
FN:64,DownButton
FNF:6
FNH:1
FNDA:2,Thumbnails
FNDA:0,(anonymous_1)
FNDA:0,(anonymous_2)
FNDA:0,(anonymous_3)
FNDA:0,UpButton
FNDA:0,DownButton
DA:9,2
DA:10,2
DA:12,2
DA:13,0
DA:14,0
DA:15,0
DA:17,0
DA:18,0
DA:24,2
DA:29,2
DA:35,2
DA:40,0
DA:56,0
DA:65,0
LF:14
LH:6
BRDA:15,0,0,0
BRDA:15,0,1,0
BRDA:17,1,0,0
BRDA:17,1,1,0
BRDA:37,2,0,2
BRDA:37,2,1,0
BRDA:49,3,0,2
BRDA:49,3,1,0
BRF:8
BRH:2
end_of_record
TN:
SF:src/components/QA/AddQuestion.jsx
FN:3,AddQuestion
FNF:1
FNH:1
FNDA:1,AddQuestion
DA:4,1
LF:1
LH:1
BRF:0
BRH:0
end_of_record
TN:
SF:src/helperFunctions/averageReviewScore.js
FN:1,averageReviewScore
FN:5,(anonymous_1)
FNF:2
FNH:2
FNDA:4,averageReviewScore
FNDA:15,(anonymous_1)
DA:2,4
DA:3,4
DA:5,4
DA:6,15
DA:7,15
DA:10,4
DA:11,4
LF:7
LH:7
BRDA:11,0,0,3
BRDA:11,0,1,1
BRF:2
BRH:2
end_of_record
TN:
SF:src/helperFunctions/getData.js
FN:3,getData
FN:7,(anonymous_1)
FN:8,(anonymous_2)
FNF:3
FNH:0
FNDA:0,getData
FNDA:0,(anonymous_1)
FNDA:0,(anonymous_2)
DA:4,0
DA:7,0
DA:8,0
LF:3
LH:0
BRF:0
BRH:0
end_of_record
TN:
SF:src/helperFunctions/sum.js
FN:1,sum
FNF:1
FNH:1
FNDA:1,sum
DA:2,1
LF:1
LH:1
BRF:0
BRH:0
end_of_record
